This is XeTeX, Version 3.141592653-2.6-0.999996 (TeX Live 2024) (preloaded format=xelatex 2024.10.18)  18 OCT 2024 12:20
entering extended mode
 restricted \write18 enabled.
 %&-line parsing enabled.
**bookdown-demo.tex
(./bookdown-demo.tex
LaTeX2e <2024-06-01> patch level 2
L3 programming layer <2024-09-10>
(c:/Users/hugop/AppData/Roaming/TinyTeX/texmf-dist/tex/latex/base/book.cls
Document Class: book 2024/02/08 v1.4n Standard LaTeX document class
(c:/Users/hugop/AppData/Roaming/TinyTeX/texmf-dist/tex/latex/base/bk10.clo
File: bk10.clo 2024/02/08 v1.4n Standard LaTeX file (size option)
)
\c@part=\count190
\c@chapter=\count191
\c@section=\count192
\c@subsection=\count193
\c@subsubsection=\count194
\c@paragraph=\count195
\c@subparagraph=\count196
\c@figure=\count197
\c@table=\count198
\abovecaptionskip=\skip49
\belowcaptionskip=\skip50
\bibindent=\dimen141
) (c:/Users/hugop/AppData/Roaming/TinyTeX/texmf-dist/tex/latex/amsmath/amsmath.sty
Package: amsmath 2024/05/23 v2.17q AMS math features
\@mathmargin=\skip51
For additional information on amsmath, use the `?' option.
(c:/Users/hugop/AppData/Roaming/TinyTeX/texmf-dist/tex/latex/amsmath/amstext.sty
Package: amstext 2021/08/26 v2.01 AMS text
(c:/Users/hugop/AppData/Roaming/TinyTeX/texmf-dist/tex/latex/amsmath/amsgen.sty
File: amsgen.sty 1999/11/30 v2.0 generic functions
\@emptytoks=\toks17
\ex@=\dimen142
)) (c:/Users/hugop/AppData/Roaming/TinyTeX/texmf-dist/tex/latex/amsmath/amsbsy.sty
Package: amsbsy 1999/11/29 v1.2d Bold Symbols
\pmbraise@=\dimen143
) (c:/Users/hugop/AppData/Roaming/TinyTeX/texmf-dist/tex/latex/amsmath/amsopn.sty
Package: amsopn 2022/04/08 v2.04 operator names
)
\inf@bad=\count199
LaTeX Info: Redefining \frac on input line 233.
\uproot@=\count266
\leftroot@=\count267
LaTeX Info: Redefining \overline on input line 398.
LaTeX Info: Redefining \colon on input line 409.
\classnum@=\count268
\DOTSCASE@=\count269
LaTeX Info: Redefining \ldots on input line 495.
LaTeX Info: Redefining \dots on input line 498.
LaTeX Info: Redefining \cdots on input line 619.
\Mathstrutbox@=\box52
\strutbox@=\box53
LaTeX Info: Redefining \big on input line 721.
LaTeX Info: Redefining \Big on input line 722.
LaTeX Info: Redefining \bigg on input line 723.
LaTeX Info: Redefining \Bigg on input line 724.
\big@size=\dimen144
LaTeX Font Info:    Redeclaring font encoding OML on input line 742.
LaTeX Font Info:    Redeclaring font encoding OMS on input line 743.
\macc@depth=\count270
LaTeX Info: Redefining \bmod on input line 904.
LaTeX Info: Redefining \pmod on input line 909.
LaTeX Info: Redefining \smash on input line 939.
LaTeX Info: Redefining \relbar on input line 969.
LaTeX Info: Redefining \Relbar on input line 970.
\c@MaxMatrixCols=\count271
\dotsspace@=\muskip17
\c@parentequation=\count272
\dspbrk@lvl=\count273
\tag@help=\toks18
\row@=\count274
\column@=\count275
\maxfields@=\count276
\andhelp@=\toks19
\eqnshift@=\dimen145
\alignsep@=\dimen146
\tagshift@=\dimen147
\tagwidth@=\dimen148
\totwidth@=\dimen149
\lineht@=\dimen150
\@envbody=\toks20
\multlinegap=\skip52
\multlinetaggap=\skip53
\mathdisplay@stack=\toks21
LaTeX Info: Redefining \[ on input line 2953.
LaTeX Info: Redefining \] on input line 2954.
) (c:/Users/hugop/AppData/Roaming/TinyTeX/texmf-dist/tex/latex/amsfonts/amssymb.sty
Package: amssymb 2013/01/14 v3.01 AMS font symbols
(c:/Users/hugop/AppData/Roaming/TinyTeX/texmf-dist/tex/latex/amsfonts/amsfonts.sty
Package: amsfonts 2013/01/14 v3.01 Basic AMSFonts support
\symAMSa=\mathgroup4
\symAMSb=\mathgroup5
LaTeX Font Info:    Redeclaring math symbol \hbar on input line 98.
LaTeX Font Info:    Overwriting math alphabet `\mathfrak' in version `bold'
(Font)                  U/euf/m/n --> U/euf/b/n on input line 106.
)) (c:/Users/hugop/AppData/Roaming/TinyTeX/texmf-dist/tex/generic/iftex/iftex.sty
Package: iftex 2022/02/03 v1.0f TeX engine tests
) (c:/Users/hugop/AppData/Roaming/TinyTeX/texmf-dist/tex/latex/unicode-math/unicode-math.sty (c:/Users/hugop/AppData/Roaming/TinyTeX/texmf-dist/tex/latex/l3kernel/expl3.sty
Package: expl3 2024-09-10 L3 programming layer (loader) 
(c:/Users/hugop/AppData/Roaming/TinyTeX/texmf-dist/tex/latex/l3backend/l3backend-xetex.def
File: l3backend-xetex.def 2024-05-08 L3 backend support: XeTeX
\g__graphics_track_int=\count277
\l__pdf_internal_box=\box54
\g__pdf_backend_annotation_int=\count278
\g__pdf_backend_link_int=\count279
))
Package: unicode-math 2023/08/13 v0.8r Unicode maths in XeLaTeX and LuaLaTeX
(c:/Users/hugop/AppData/Roaming/TinyTeX/texmf-dist/tex/latex/unicode-math/unicode-math-xetex.sty
Package: unicode-math-xetex 2023/08/13 v0.8r Unicode maths in XeLaTeX and LuaLaTeX
(c:/Users/hugop/AppData/Roaming/TinyTeX/texmf-dist/tex/latex/l3packages/xparse/xparse.sty
Package: xparse 2024-08-16 L3 Experimental document command parser
) (c:/Users/hugop/AppData/Roaming/TinyTeX/texmf-dist/tex/latex/l3packages/l3keys2e/l3keys2e.sty
Package: l3keys2e 2024-08-16 LaTeX2e option processing using LaTeX3 keys
) (c:/Users/hugop/AppData/Roaming/TinyTeX/texmf-dist/tex/latex/fontspec/fontspec.sty
Package: fontspec 2024/05/11 v2.9e Font selection for XeLaTeX and LuaLaTeX
(c:/Users/hugop/AppData/Roaming/TinyTeX/texmf-dist/tex/latex/fontspec/fontspec-xetex.sty
Package: fontspec-xetex 2024/05/11 v2.9e Font selection for XeLaTeX and LuaLaTeX
\l__fontspec_script_int=\count280
\l__fontspec_language_int=\count281
\l__fontspec_strnum_int=\count282
\l__fontspec_tmp_int=\count283
\l__fontspec_tmpa_int=\count284
\l__fontspec_tmpb_int=\count285
\l__fontspec_tmpc_int=\count286
\l__fontspec_em_int=\count287
\l__fontspec_emdef_int=\count288
\l__fontspec_strong_int=\count289
\l__fontspec_strongdef_int=\count290
\l__fontspec_tmpa_dim=\dimen151
\l__fontspec_tmpb_dim=\dimen152
\l__fontspec_tmpc_dim=\dimen153
(c:/Users/hugop/AppData/Roaming/TinyTeX/texmf-dist/tex/latex/base/fontenc.sty
Package: fontenc 2021/04/29 v2.0v Standard LaTeX package
) (c:/Users/hugop/AppData/Roaming/TinyTeX/texmf-dist/tex/latex/fontspec/fontspec.cfg))) (c:/Users/hugop/AppData/Roaming/TinyTeX/texmf-dist/tex/latex/base/fix-cm.sty
Package: fix-cm 2020/11/24 v1.1t fixes to LaTeX
(c:/Users/hugop/AppData/Roaming/TinyTeX/texmf-dist/tex/latex/base/ts1enc.def
File: ts1enc.def 2001/06/05 v3.0e (jk/car/fm) Standard LaTeX file
LaTeX Font Info:    Redeclaring font encoding TS1 on input line 47.
))
\g__um_fam_int=\count291
\g__um_fonts_used_int=\count292
\l__um_primecount_int=\count293
\g__um_primekern_muskip=\muskip18
(c:/Users/hugop/AppData/Roaming/TinyTeX/texmf-dist/tex/latex/unicode-math/unicode-math-table.tex))) (c:/Users/hugop/AppData/Roaming/TinyTeX/texmf-dist/tex/latex/lm/lmodern.sty
Package: lmodern 2015/05/01 v1.6.1 Latin Modern Fonts
LaTeX Font Info:    Overwriting symbol font `operators' in version `normal'
(Font)                  OT1/cmr/m/n --> OT1/lmr/m/n on input line 22.
LaTeX Font Info:    Overwriting symbol font `letters' in version `normal'
(Font)                  OML/cmm/m/it --> OML/lmm/m/it on input line 23.
LaTeX Font Info:    Overwriting symbol font `symbols' in version `normal'
(Font)                  OMS/cmsy/m/n --> OMS/lmsy/m/n on input line 24.
LaTeX Font Info:    Overwriting symbol font `largesymbols' in version `normal'
(Font)                  OMX/cmex/m/n --> OMX/lmex/m/n on input line 25.
LaTeX Font Info:    Overwriting symbol font `operators' in version `bold'
(Font)                  OT1/cmr/bx/n --> OT1/lmr/bx/n on input line 26.
LaTeX Font Info:    Overwriting symbol font `letters' in version `bold'
(Font)                  OML/cmm/b/it --> OML/lmm/b/it on input line 27.
LaTeX Font Info:    Overwriting symbol font `symbols' in version `bold'
(Font)                  OMS/cmsy/b/n --> OMS/lmsy/b/n on input line 28.
LaTeX Font Info:    Overwriting symbol font `largesymbols' in version `bold'
(Font)                  OMX/cmex/m/n --> OMX/lmex/m/n on input line 29.
LaTeX Font Info:    Overwriting math alphabet `\mathbf' in version `normal'
(Font)                  OT1/cmr/bx/n --> OT1/lmr/bx/n on input line 31.
LaTeX Font Info:    Overwriting math alphabet `\mathsf' in version `normal'
(Font)                  OT1/cmss/m/n --> OT1/lmss/m/n on input line 32.
LaTeX Font Info:    Overwriting math alphabet `\mathit' in version `normal'
(Font)                  OT1/cmr/m/it --> OT1/lmr/m/it on input line 33.
LaTeX Font Info:    Overwriting math alphabet `\mathtt' in version `normal'
(Font)                  OT1/cmtt/m/n --> OT1/lmtt/m/n on input line 34.
LaTeX Font Info:    Overwriting math alphabet `\mathbf' in version `bold'
(Font)                  OT1/cmr/bx/n --> OT1/lmr/bx/n on input line 35.
LaTeX Font Info:    Overwriting math alphabet `\mathsf' in version `bold'
(Font)                  OT1/cmss/bx/n --> OT1/lmss/bx/n on input line 36.
LaTeX Font Info:    Overwriting math alphabet `\mathit' in version `bold'
(Font)                  OT1/cmr/bx/it --> OT1/lmr/bx/it on input line 37.
LaTeX Font Info:    Overwriting math alphabet `\mathtt' in version `bold'
(Font)                  OT1/cmtt/m/n --> OT1/lmtt/m/n on input line 38.
) (c:/Users/hugop/AppData/Roaming/TinyTeX/texmf-dist/tex/latex/upquote/upquote.sty
Package: upquote 2012/04/19 v1.3 upright-quote and grave-accent glyphs in verbatim
(c:/Users/hugop/AppData/Roaming/TinyTeX/texmf-dist/tex/latex/base/textcomp.sty
Package: textcomp 2024/04/24 v2.1b Standard LaTeX package
)) (c:/Users/hugop/AppData/Roaming/TinyTeX/texmf-dist/tex/latex/microtype/microtype.sty
Package: microtype 2024/03/29 v3.1b Micro-typographical refinements (RS)
(c:/Users/hugop/AppData/Roaming/TinyTeX/texmf-dist/tex/latex/graphics/keyval.sty
Package: keyval 2022/05/29 v1.15 key=value parser (DPC)
\KV@toks@=\toks22
) (c:/Users/hugop/AppData/Roaming/TinyTeX/texmf-dist/tex/latex/etoolbox/etoolbox.sty
Package: etoolbox 2020/10/05 v2.5k e-TeX tools for LaTeX (JAW)
\etb@tempcnta=\count294
)
\MT@toks=\toks23
\MT@tempbox=\box55
\MT@count=\count295
LaTeX Info: Redefining \noprotrusionifhmode on input line 1061.
LaTeX Info: Redefining \leftprotrusion on input line 1062.
\MT@prot@toks=\toks24
LaTeX Info: Redefining \rightprotrusion on input line 1081.
LaTeX Info: Redefining \textls on input line 1392.
\MT@outer@kern=\dimen154
LaTeX Info: Redefining \textmicrotypecontext on input line 2013.
\MT@listname@count=\count296
(c:/Users/hugop/AppData/Roaming/TinyTeX/texmf-dist/tex/latex/microtype/microtype-xetex.def
File: microtype-xetex.def 2024/03/29 v3.1b Definitions specific to xetex (RS)
LaTeX Info: Redefining \lsstyle on input line 238.
)
Package microtype Info: Loading configuration file microtype.cfg.
(c:/Users/hugop/AppData/Roaming/TinyTeX/texmf-dist/tex/latex/microtype/microtype.cfg
File: microtype.cfg 2024/03/29 v3.1b microtype main configuration file (RS)
)) (c:/Users/hugop/AppData/Roaming/TinyTeX/texmf-dist/tex/latex/parskip/parskip.sty
Package: parskip 2021-03-14 v2.0h non-zero parskip adjustments
(c:/Users/hugop/AppData/Roaming/TinyTeX/texmf-dist/tex/latex/kvoptions/kvoptions.sty
Package: kvoptions 2022-06-15 v3.15 Key value format for package options (HO)
(c:/Users/hugop/AppData/Roaming/TinyTeX/texmf-dist/tex/generic/ltxcmds/ltxcmds.sty
Package: ltxcmds 2023-12-04 v1.26 LaTeX kernel commands for general use (HO)
) (c:/Users/hugop/AppData/Roaming/TinyTeX/texmf-dist/tex/latex/kvsetkeys/kvsetkeys.sty
Package: kvsetkeys 2022-10-05 v1.19 Key value parser (HO)
))) (c:/Users/hugop/AppData/Roaming/TinyTeX/texmf-dist/tex/latex/xcolor/xcolor.sty
Package: xcolor 2024/09/29 v3.02 LaTeX color extensions (UK)
(c:/Users/hugop/AppData/Roaming/TinyTeX/texmf-dist/tex/latex/graphics-cfg/color.cfg
File: color.cfg 2016/01/02 v1.6 sample color configuration
)
Package xcolor Info: Driver file: xetex.def on input line 274.
(c:/Users/hugop/AppData/Roaming/TinyTeX/texmf-dist/tex/latex/graphics-def/xetex.def
File: xetex.def 2022/09/22 v5.0n Graphics/color driver for xetex
) (c:/Users/hugop/AppData/Roaming/TinyTeX/texmf-dist/tex/latex/graphics/mathcolor.ltx)
Package xcolor Info: Model `cmy' substituted by `cmy0' on input line 1349.
Package xcolor Info: Model `RGB' extended on input line 1365.
Package xcolor Info: Model `HTML' substituted by `rgb' on input line 1367.
Package xcolor Info: Model `Hsb' substituted by `hsb' on input line 1368.
Package xcolor Info: Model `tHsb' substituted by `hsb' on input line 1369.
Package xcolor Info: Model `HSB' substituted by `hsb' on input line 1370.
Package xcolor Info: Model `Gray' substituted by `gray' on input line 1371.
Package xcolor Info: Model `wave' substituted by `hsb' on input line 1372.
) (c:/Users/hugop/AppData/Roaming/TinyTeX/texmf-dist/tex/latex/fancyvrb/fancyvrb.sty
Package: fancyvrb 2024/01/20 4.5c verbatim text (tvz,hv)
\FV@CodeLineNo=\count297
\FV@InFile=\read2
\FV@TabBox=\box56
\c@FancyVerbLine=\count298
\FV@StepNumber=\count299
\FV@OutFile=\write3
) (c:/Users/hugop/AppData/Roaming/TinyTeX/texmf-dist/tex/latex/framed/framed.sty
Package: framed 2011/10/22 v 0.96: framed or shaded text with page breaks
\OuterFrameSep=\skip54
\fb@frw=\dimen155
\fb@frh=\dimen156
\FrameRule=\dimen157
\FrameSep=\dimen158
) (c:/Users/hugop/AppData/Roaming/TinyTeX/texmf-dist/tex/latex/tools/longtable.sty
Package: longtable 2024-04-26 v4.20 Multi-page Table package (DPC)
\LTleft=\skip55
\LTright=\skip56
\LTpre=\skip57
\LTpost=\skip58
\LTchunksize=\count300
\LTcapwidth=\dimen159
\LT@head=\box57
\LT@firsthead=\box58
\LT@foot=\box59
\LT@lastfoot=\box60
\LT@gbox=\box61
\LT@cols=\count301
\LT@rows=\count302
\c@LT@tables=\count303
\c@LT@chunks=\count304
\LT@p@ftn=\toks25
) (c:/Users/hugop/AppData/Roaming/TinyTeX/texmf-dist/tex/latex/booktabs/booktabs.sty
Package: booktabs 2020/01/12 v1.61803398 Publication quality tables
\heavyrulewidth=\dimen160
\lightrulewidth=\dimen161
\cmidrulewidth=\dimen162
\belowrulesep=\dimen163
\belowbottomsep=\dimen164
\aboverulesep=\dimen165
\abovetopsep=\dimen166
\cmidrulesep=\dimen167
\cmidrulekern=\dimen168
\defaultaddspace=\dimen169
\@cmidla=\count305
\@cmidlb=\count306
\@aboverulesep=\dimen170
\@belowrulesep=\dimen171
\@thisruleclass=\count307
\@lastruleclass=\count308
\@thisrulewidth=\dimen172
) (c:/Users/hugop/AppData/Roaming/TinyTeX/texmf-dist/tex/latex/tools/array.sty
Package: array 2024/06/14 v2.6d Tabular extension package (FMi)
\col@sep=\dimen173
\ar@mcellbox=\box62
\extrarowheight=\dimen174
\NC@list=\toks26
\extratabsurround=\skip59
\backup@length=\skip60
\ar@cellbox=\box63
) (c:/Users/hugop/AppData/Roaming/TinyTeX/texmf-dist/tex/latex/tools/calc.sty
Package: calc 2023/07/08 v4.3 Infix arithmetic (KKT,FJ)
\calc@Acount=\count309
\calc@Bcount=\count310
\calc@Adimen=\dimen175
\calc@Bdimen=\dimen176
\calc@Askip=\skip61
\calc@Bskip=\skip62
LaTeX Info: Redefining \setlength on input line 80.
LaTeX Info: Redefining \addtolength on input line 81.
\calc@Ccount=\count311
\calc@Cskip=\skip63
) (c:/Users/hugop/AppData/Roaming/TinyTeX/texmf-dist/tex/latex/mdwtools/footnote.sty
Package: footnote 1997/01/28 1.13 Save footnotes around boxes
\fn@notes=\box64
\fn@width=\dimen177
) (c:/Users/hugop/AppData/Roaming/TinyTeX/texmf-dist/tex/latex/graphics/graphicx.sty
Package: graphicx 2021/09/16 v1.2d Enhanced LaTeX Graphics (DPC,SPQR)
(c:/Users/hugop/AppData/Roaming/TinyTeX/texmf-dist/tex/latex/graphics/graphics.sty
Package: graphics 2024/05/23 v1.4g Standard LaTeX Graphics (DPC,SPQR)
(c:/Users/hugop/AppData/Roaming/TinyTeX/texmf-dist/tex/latex/graphics/trig.sty
Package: trig 2023/12/02 v1.11 sin cos tan (DPC)
) (c:/Users/hugop/AppData/Roaming/TinyTeX/texmf-dist/tex/latex/graphics-cfg/graphics.cfg
File: graphics.cfg 2016/06/04 v1.11 sample graphics configuration
)
Package graphics Info: Driver file: xetex.def on input line 106.
)
\Gin@req@height=\dimen178
\Gin@req@width=\dimen179
) (c:/Users/hugop/AppData/Roaming/TinyTeX/texmf-dist/tex/latex/amscls/amsthm.sty
Package: amsthm 2020/05/29 v2.20.6
\thm@style=\toks27
\thm@bodyfont=\toks28
\thm@headfont=\toks29
\thm@notefont=\toks30
\thm@headpunct=\toks31
\thm@preskip=\skip64
\thm@postskip=\skip65
\thm@headsep=\skip66
\dth@everypar=\toks32
) (c:/Users/hugop/AppData/Roaming/TinyTeX/texmf-dist/tex/latex/caption/caption.sty
Package: caption 2023/08/05 v3.6o Customizing captions (AR)
(c:/Users/hugop/AppData/Roaming/TinyTeX/texmf-dist/tex/latex/caption/caption3.sty
Package: caption3 2023/07/31 v2.4d caption3 kernel (AR)
\caption@tempdima=\dimen180
\captionmargin=\dimen181
\caption@leftmargin=\dimen182
\caption@rightmargin=\dimen183
\caption@width=\dimen184
\caption@indent=\dimen185
\caption@parindent=\dimen186
\caption@hangindent=\dimen187
Package caption Info: Standard document class detected.
)
\c@caption@flags=\count312
\c@continuedfloat=\count313
Package caption Info: longtable package is loaded.
(c:/Users/hugop/AppData/Roaming/TinyTeX/texmf-dist/tex/latex/caption/ltcaption.sty
Package: ltcaption 2021/01/08 v1.4c longtable captions (AR)
)) (c:/Users/hugop/AppData/Roaming/TinyTeX/texmf-dist/tex/latex/siunitx/siunitx.sty
Package: siunitx 2024-09-30 v3.3.22 A comprehensive (SI) units package
\l__siunitx_number_uncert_offset_int=\count314
\l__siunitx_number_exponent_fixed_int=\count315
\l__siunitx_number_min_decimal_int=\count316
\l__siunitx_number_min_integer_int=\count317
\l__siunitx_number_round_precision_int=\count318
\l__siunitx_number_lower_threshold_int=\count319
\l__siunitx_number_upper_threshold_int=\count320
\l__siunitx_number_group_first_int=\count321
\l__siunitx_number_group_size_int=\count322
\l__siunitx_number_group_minimum_int=\count323
\l__siunitx_angle_tmp_dim=\dimen188
\l__siunitx_angle_marker_box=\box65
\l__siunitx_angle_unit_box=\box66
\l__siunitx_compound_count_int=\count324
\l__siunitx_table_tmp_box=\box67
\l__siunitx_table_tmp_dim=\dimen189
\l__siunitx_table_column_width_dim=\dimen190
\l__siunitx_table_integer_box=\box68
\l__siunitx_table_decimal_box=\box69
\l__siunitx_table_uncert_box=\box70
\l__siunitx_table_before_box=\box71
\l__siunitx_table_after_box=\box72
\l__siunitx_table_before_dim=\dimen191
\l__siunitx_table_carry_dim=\dimen192
\l__siunitx_unit_tmp_int=\count325
\l__siunitx_unit_position_int=\count326
\l__siunitx_unit_total_int=\count327
) (c:/Users/hugop/AppData/Roaming/TinyTeX/texmf-dist/tex/generic/ulem/ulem.sty
\UL@box=\box73
\UL@hyphenbox=\box74
\UL@skip=\skip67
\UL@hook=\toks33
\UL@height=\dimen193
\UL@pe=\count328
\UL@pixel=\dimen194
\ULC@box=\box75
Package: ulem 2019/11/18
\ULdepth=\dimen195
) (c:/Users/hugop/AppData/Roaming/TinyTeX/texmf-dist/tex/latex/colortbl/colortbl.sty
Package: colortbl 2024/07/06 v1.0i Color table columns (DPC)
\everycr=\toks34
\minrowclearance=\skip68
\rownum=\count329
) (c:/Users/hugop/AppData/Roaming/TinyTeX/texmf-dist/tex/latex/multirow/multirow.sty
Package: multirow 2021/03/15 v2.8 Span multiple rows of a table
\multirow@colwidth=\skip69
\multirow@cntb=\count330
\multirow@dima=\skip70
\bigstrutjot=\dimen196
) (c:/Users/hugop/AppData/Roaming/TinyTeX/texmf-dist/tex/latex/tools/hhline.sty
Package: hhline 2020/01/04 v2.04 Table rule package (DPC)
) (c:/Users/hugop/AppData/Roaming/TinyTeX/texmf-dist/tex/latex/tools/tabularx.sty
Package: tabularx 2023/12/11 v2.12a `tabularx' package (DPC)
\TX@col@width=\dimen197
\TX@old@table=\dimen198
\TX@old@col=\dimen199
\TX@target=\dimen256
\TX@delta=\dimen257
\TX@cols=\count331
\TX@ftn=\toks35
) (c:/Users/hugop/AppData/Roaming/TinyTeX/texmf-dist/tex/latex/threeparttable/threeparttable.sty
Package: threeparttable 2003/06/13  v 3.0
\@tempboxb=\box76
) (c:/Users/hugop/AppData/Roaming/TinyTeX/texmf-dist/tex/latex/wrapfig/wrapfig.sty
\wrapoverhang=\dimen258
\WF@size=\dimen259
\c@WF@wrappedlines=\count332
\WF@box=\box77
\WF@everypar=\toks36
Package: wrapfig 2003/01/31  v 3.6
) (c:/Users/hugop/AppData/Roaming/TinyTeX/texmf-dist/tex/latex/adjustbox/adjustbox.sty
Package: adjustbox 2022/10/17 v1.3a Adjusting TeX boxes (trim, clip, ...)
(c:/Users/hugop/AppData/Roaming/TinyTeX/texmf-dist/tex/latex/xkeyval/xkeyval.sty
Package: xkeyval 2022/06/16 v2.9 package option processing (HA)
(c:/Users/hugop/AppData/Roaming/TinyTeX/texmf-dist/tex/generic/xkeyval/xkeyval.tex (c:/Users/hugop/AppData/Roaming/TinyTeX/texmf-dist/tex/generic/xkeyval/xkvutils.tex
\XKV@toks=\toks37
\XKV@tempa@toks=\toks38
)
\XKV@depth=\count333
File: xkeyval.tex 2014/12/03 v2.7a key=value parser (HA)
)) (c:/Users/hugop/AppData/Roaming/TinyTeX/texmf-dist/tex/latex/adjustbox/adjcalc.sty
Package: adjcalc 2012/05/16 v1.1 Provides advanced setlength with multiple back-ends (calc, etex, pgfmath)
) (c:/Users/hugop/AppData/Roaming/TinyTeX/texmf-dist/tex/latex/adjustbox/trimclip.sty
Package: trimclip 2020/08/19 v1.2 Trim and clip general TeX material
(c:/Users/hugop/AppData/Roaming/TinyTeX/texmf-dist/tex/latex/collectbox/collectbox.sty
Package: collectbox 2022/10/17 v0.4c Collect macro arguments as boxes
\collectedbox=\box78
)
\tc@llx=\dimen260
\tc@lly=\dimen261
\tc@urx=\dimen262
\tc@ury=\dimen263
Package trimclip Info: Using driver 'tc-xetex.def'.
(c:/Users/hugop/AppData/Roaming/TinyTeX/texmf-dist/tex/latex/adjustbox/tc-xetex.def
File: tc-xetex.def 2019/01/04 v2.2 Clipping driver for xetex
))
\adjbox@Width=\dimen264
\adjbox@Height=\dimen265
\adjbox@Depth=\dimen266
\adjbox@Totalheight=\dimen267
\adjbox@pwidth=\dimen268
\adjbox@pheight=\dimen269
\adjbox@pdepth=\dimen270
\adjbox@ptotalheight=\dimen271
(c:/Users/hugop/AppData/Roaming/TinyTeX/texmf-dist/tex/latex/varwidth/varwidth.sty
Package: varwidth 2009/03/30 ver 0.92;  Variable-width minipages
\@vwid@box=\box79
\sift@deathcycles=\count334
\@vwid@loff=\dimen272
\@vwid@roff=\dimen273
)) (c:/Users/hugop/AppData/Roaming/TinyTeX/texmf-dist/tex/latex/hyperref/hyperref.sty
Package: hyperref 2024-07-10 v7.01j Hypertext links for LaTeX
(c:/Users/hugop/AppData/Roaming/TinyTeX/texmf-dist/tex/generic/kvdefinekeys/kvdefinekeys.sty
Package: kvdefinekeys 2019-12-19 v1.6 Define keys (HO)
) (c:/Users/hugop/AppData/Roaming/TinyTeX/texmf-dist/tex/generic/pdfescape/pdfescape.sty
Package: pdfescape 2019/12/09 v1.15 Implements pdfTeX's escape features (HO)
(c:/Users/hugop/AppData/Roaming/TinyTeX/texmf-dist/tex/generic/pdftexcmds/pdftexcmds.sty
Package: pdftexcmds 2020-06-27 v0.33 Utility functions of pdfTeX for LuaTeX (HO)
(c:/Users/hugop/AppData/Roaming/TinyTeX/texmf-dist/tex/generic/infwarerr/infwarerr.sty
Package: infwarerr 2019/12/03 v1.5 Providing info/warning/error messages (HO)
)
Package pdftexcmds Info: \pdf@primitive is available.
Package pdftexcmds Info: \pdf@ifprimitive is available.
Package pdftexcmds Info: \pdfdraftmode not found.
)) (c:/Users/hugop/AppData/Roaming/TinyTeX/texmf-dist/tex/latex/hycolor/hycolor.sty
Package: hycolor 2020-01-27 v1.10 Color options for hyperref/bookmark (HO)
) (c:/Users/hugop/AppData/Roaming/TinyTeX/texmf-dist/tex/latex/hyperref/nameref.sty
Package: nameref 2023-11-26 v2.56 Cross-referencing by name of section
(c:/Users/hugop/AppData/Roaming/TinyTeX/texmf-dist/tex/latex/refcount/refcount.sty
Package: refcount 2019/12/15 v3.6 Data extraction from label references (HO)
) (c:/Users/hugop/AppData/Roaming/TinyTeX/texmf-dist/tex/generic/gettitlestring/gettitlestring.sty
Package: gettitlestring 2019/12/15 v1.6 Cleanup title references (HO)
)
\c@section@level=\count335
) (c:/Users/hugop/AppData/Roaming/TinyTeX/texmf-dist/tex/generic/stringenc/stringenc.sty
Package: stringenc 2019/11/29 v1.12 Convert strings between diff. encodings (HO)
)
\@linkdim=\dimen274
\Hy@linkcounter=\count336
\Hy@pagecounter=\count337
(c:/Users/hugop/AppData/Roaming/TinyTeX/texmf-dist/tex/latex/hyperref/pd1enc.def
File: pd1enc.def 2024-07-10 v7.01j Hyperref: PDFDocEncoding definition (HO)
) (c:/Users/hugop/AppData/Roaming/TinyTeX/texmf-dist/tex/generic/intcalc/intcalc.sty
Package: intcalc 2019/12/15 v1.3 Expandable calculations with integers (HO)
)
\Hy@SavedSpaceFactor=\count338
(c:/Users/hugop/AppData/Roaming/TinyTeX/texmf-dist/tex/latex/hyperref/puenc.def
File: puenc.def 2024-07-10 v7.01j Hyperref: PDF Unicode definition (HO)
)
Package hyperref Info: Option `unicode' set `true' on input line 4040.
Package hyperref Info: Hyper figures OFF on input line 4157.
Package hyperref Info: Link nesting OFF on input line 4162.
Package hyperref Info: Hyper index ON on input line 4165.
Package hyperref Info: Plain pages OFF on input line 4172.
Package hyperref Info: Backreferencing OFF on input line 4177.
Package hyperref Info: Implicit mode ON; LaTeX internals redefined.
Package hyperref Info: Bookmarks ON on input line 4424.
\c@Hy@tempcnt=\count339
(c:/Users/hugop/AppData/Roaming/TinyTeX/texmf-dist/tex/latex/url/url.sty
\Urlmuskip=\muskip19
Package: url 2013/09/16  ver 3.4  Verb mode for urls, etc.
)
LaTeX Info: Redefining \url on input line 4763.
\XeTeXLinkMargin=\dimen275
(c:/Users/hugop/AppData/Roaming/TinyTeX/texmf-dist/tex/generic/bitset/bitset.sty
Package: bitset 2019/12/09 v1.3 Handle bit-vector datatype (HO)
(c:/Users/hugop/AppData/Roaming/TinyTeX/texmf-dist/tex/generic/bigintcalc/bigintcalc.sty
Package: bigintcalc 2019/12/15 v1.5 Expandable calculations on big integers (HO)
))
\Fld@menulength=\count340
\Field@Width=\dimen276
\Fld@charsize=\dimen277
Package hyperref Info: Hyper figures OFF on input line 6042.
Package hyperref Info: Link nesting OFF on input line 6047.
Package hyperref Info: Hyper index ON on input line 6050.
Package hyperref Info: backreferencing OFF on input line 6057.
Package hyperref Info: Link coloring OFF on input line 6062.
Package hyperref Info: Link coloring with OCG OFF on input line 6067.
Package hyperref Info: PDF/A mode OFF on input line 6072.
(c:/Users/hugop/AppData/Roaming/TinyTeX/texmf-dist/tex/latex/base/atbegshi-ltx.sty
Package: atbegshi-ltx 2021/01/10 v1.0c Emulation of the original atbegshi
package with kernel methods
)
\Hy@abspage=\count341
\c@Item=\count342
\c@Hfootnote=\count343
)
Package hyperref Info: Driver (autodetected): hxetex.
(c:/Users/hugop/AppData/Roaming/TinyTeX/texmf-dist/tex/latex/hyperref/hxetex.def
File: hxetex.def 2024-07-10 v7.01j Hyperref driver for XeTeX
\pdfm@box=\box80
\c@Hy@AnnotLevel=\count344
\HyField@AnnotCount=\count345
\Fld@listcount=\count346
\c@bookmark@seq@number=\count347
(c:/Users/hugop/AppData/Roaming/TinyTeX/texmf-dist/tex/latex/rerunfilecheck/rerunfilecheck.sty
Package: rerunfilecheck 2022-07-10 v1.10 Rerun checks for auxiliary files (HO)
(c:/Users/hugop/AppData/Roaming/TinyTeX/texmf-dist/tex/latex/base/atveryend-ltx.sty
Package: atveryend-ltx 2020/08/19 v1.0a Emulation of the original atveryend package
with kernel methods
) (c:/Users/hugop/AppData/Roaming/TinyTeX/texmf-dist/tex/generic/uniquecounter/uniquecounter.sty
Package: uniquecounter 2019/12/15 v1.4 Provide unlimited unique counter (HO)
)
Package uniquecounter Info: New unique counter `rerunfilecheck' on input line 285.
)
\Hy@SectionHShift=\skip71
) (c:/Users/hugop/AppData/Roaming/TinyTeX/texmf-dist/tex/latex/float/float.sty
Package: float 2001/11/08 v1.3d Float enhancements (AL)
\c@float@type=\count348
\float@exts=\toks39
\float@box=\box81
\@float@everytoks=\toks40
\@floatcapt=\box82
) (c:/Users/hugop/AppData/Roaming/TinyTeX/texmf-dist/tex/latex/pdflscape/pdflscape.sty
Package: pdflscape 2022-10-27 v0.13 Display of landscape pages in PDF
(c:/Users/hugop/AppData/Roaming/TinyTeX/texmf-dist/tex/latex/pdflscape/pdflscape-nometadata.sty
Package: pdflscape-nometadata 2022-10-28 v0.13 Display of landscape pages in PDF (HO)
(c:/Users/hugop/AppData/Roaming/TinyTeX/texmf-dist/tex/latex/graphics/lscape.sty
Package: lscape 2020/05/28 v3.02 Landscape Pages (DPC)
)
Package pdflscape Info: Auto-detected driver: dvipdfm (xetex) on input line 98.
)) (c:/Users/hugop/AppData/Roaming/TinyTeX/texmf-dist/tex/latex/tabu/tabu.sty
Package: tabu 2019/01/11 v2.9 - flexible LaTeX tabulars (FC+tabu-fixed)
\c@taburow=\count349
\tabu@nbcols=\count350
\tabu@cnt=\count351
\tabu@Xcol=\count352
\tabu@alloc=\count353
\tabu@nested=\count354
\tabu@target=\dimen278
\tabu@spreadtarget=\dimen279
\tabu@naturalX=\dimen280
\tabucolX=\dimen281
\tabu@Xsum=\dimen282
\extrarowdepth=\dimen283
\abovetabulinesep=\dimen284
\belowtabulinesep=\dimen285
\tabustrutrule=\dimen286
\tabu@thebody=\toks41
\tabu@footnotes=\toks42
\tabu@box=\box83
\tabu@arstrutbox=\box84
\tabu@hleads=\box85
\tabu@vleads=\box86
\tabu@cellskip=\skip72
) (c:/Users/hugop/AppData/Roaming/TinyTeX/texmf-dist/tex/latex/threeparttablex/threeparttablex.sty
Package: threeparttablex 2013/07/23 v0.3 by daleif
(c:/Users/hugop/AppData/Roaming/TinyTeX/texmf-dist/tex/latex/environ/environ.sty
Package: environ 2014/05/04 v0.3 A new way to define environments
(c:/Users/hugop/AppData/Roaming/TinyTeX/texmf-dist/tex/latex/trimspaces/trimspaces.sty
Package: trimspaces 2009/09/17 v1.1 Trim spaces around a token list
))
\TPTL@width=\skip73
) (c:/Users/hugop/AppData/Roaming/TinyTeX/texmf-dist/tex/latex/makecell/makecell.sty
Package: makecell 2009/08/03 V0.1e Managing of Tab Column Heads and Cells
\rotheadsize=\dimen287
\c@nlinenum=\count355
\TeXr@lab=\toks43
) (c:/Users/hugop/AppData/Roaming/TinyTeX/texmf-dist/tex/latex/natbib/natbib.sty
Package: natbib 2010/09/13 8.31b (PWD, AO)
\bibhang=\skip74
\bibsep=\skip75
LaTeX Info: Redefining \cite on input line 694.
\c@NAT@ctr=\count356
) (c:/Users/hugop/AppData/Roaming/TinyTeX/texmf-dist/tex/latex/bookmark/bookmark.sty
Package: bookmark 2023-12-10 v1.31 PDF bookmarks (HO)
(c:/Users/hugop/AppData/Roaming/TinyTeX/texmf-dist/tex/latex/bookmark/bkm-dvipdfm.def
File: bkm-dvipdfm.def 2023-12-10 v1.31 bookmark driver for dvipdfm (HO)
\BKM@id=\count357
)) (./bookdown-demo.aux)
\openout1 = `bookdown-demo.aux'.

LaTeX Font Info:    Checking defaults for OML/cmm/m/it on input line 154.
LaTeX Font Info:    ... okay on input line 154.
LaTeX Font Info:    Checking defaults for OMS/cmsy/m/n on input line 154.
LaTeX Font Info:    ... okay on input line 154.
LaTeX Font Info:    Checking defaults for OT1/cmr/m/n on input line 154.
LaTeX Font Info:    ... okay on input line 154.
LaTeX Font Info:    Checking defaults for T1/cmr/m/n on input line 154.
LaTeX Font Info:    ... okay on input line 154.
LaTeX Font Info:    Checking defaults for TS1/cmr/m/n on input line 154.
LaTeX Font Info:    ... okay on input line 154.
LaTeX Font Info:    Checking defaults for TU/lmr/m/n on input line 154.
LaTeX Font Info:    ... okay on input line 154.
LaTeX Font Info:    Checking defaults for OMX/cmex/m/n on input line 154.
LaTeX Font Info:    ... okay on input line 154.
LaTeX Font Info:    Checking defaults for U/cmr/m/n on input line 154.
LaTeX Font Info:    ... okay on input line 154.
LaTeX Font Info:    Checking defaults for PD1/pdf/m/n on input line 154.
LaTeX Font Info:    ... okay on input line 154.
LaTeX Font Info:    Checking defaults for PU/pdf/m/n on input line 154.
LaTeX Font Info:    ... okay on input line 154.
LaTeX Font Info:    Overwriting math alphabet `\mathrm' in version `normal'
(Font)                  OT1/lmr/m/n --> TU/lmr/m/n on input line 154.
LaTeX Font Info:    Overwriting math alphabet `\mathit' in version `normal'
(Font)                  OT1/lmr/m/it --> TU/lmr/m/it on input line 154.
LaTeX Font Info:    Overwriting math alphabet `\mathbf' in version `normal'
(Font)                  OT1/lmr/bx/n --> TU/lmr/bx/n on input line 154.
LaTeX Font Info:    Overwriting math alphabet `\mathsf' in version `normal'
(Font)                  OT1/lmss/m/n --> TU/lmss/m/n on input line 154.
LaTeX Font Info:    Overwriting math alphabet `\mathsf' in version `bold'
(Font)                  OT1/lmss/bx/n --> TU/lmss/bx/n on input line 154.
LaTeX Font Info:    Overwriting math alphabet `\mathtt' in version `normal'
(Font)                  OT1/lmtt/m/n --> TU/lmtt/m/n on input line 154.
LaTeX Font Info:    Overwriting math alphabet `\mathtt' in version `bold'
(Font)                  OT1/lmtt/m/n --> TU/lmtt/bx/n on input line 154.

Package fontspec Info: 
(fontspec)             latinmodern-math scale = 0.9999964596882403.


Package fontspec Info: 
(fontspec)             latinmodern-math scale = 0.9999964596882403.


Package fontspec Info: 
(fontspec)             latinmodern-math scale = 0.9999964596882403.


Package fontspec Info: 
(fontspec)             Font family 'latinmodern-math.otf(0)' created for font
(fontspec)             'latinmodern-math.otf' with options
(fontspec)             [Scale=MatchLowercase,BoldItalicFont={},ItalicFont={},SmallCapsFont={},Script=Math,BoldFont={latinmodern-math.otf}].
(fontspec)              
(fontspec)              This font family consists of the following NFSS
(fontspec)             series/shapes:
(fontspec)              
(fontspec)             - 'normal' (m/n) with NFSS spec.:
(fontspec)             <->s*[0.9999964596882403]"[latinmodern-math.otf]/OT:script=math;language=dflt;"
(fontspec)             - 'bold' (b/n) with NFSS spec.:
(fontspec)             <->s*[0.9999964596882403]"[latinmodern-math.otf]/OT:script=math;language=dflt;"

LaTeX Font Info:    Font shape `TU/latinmodern-math.otf(0)/m/n' will be
(Font)              scaled to size 10.0pt on input line 154.

Package fontspec Info: 
(fontspec)             latinmodern-math scale = 0.9999964596882403.


Package fontspec Info: 
(fontspec)             latinmodern-math scale = 0.9999964596882403.


Package fontspec Info: 
(fontspec)             latinmodern-math scale = 0.9999964596882403.


Package fontspec Info: 
(fontspec)             latinmodern-math scale = 0.9999964596882403.


Package fontspec Info: 
(fontspec)             latinmodern-math scale = 0.9999964596882403.


Package fontspec Info: 
(fontspec)             Font family 'latinmodern-math.otf(1)' created for font
(fontspec)             'latinmodern-math.otf' with options
(fontspec)             [Scale=MatchLowercase,BoldItalicFont={},ItalicFont={},SmallCapsFont={},Script=Math,SizeFeatures={{Size=8.5-},{Size=6-8.5,Font=latinmodern-math.otf,Style=MathScript},{Size=-6,Font=latinmodern-math.otf,Style=MathScriptScript}},BoldFont={latinmodern-math.otf}].
(fontspec)              
(fontspec)              This font family consists of the following NFSS
(fontspec)             series/shapes:
(fontspec)              
(fontspec)             - 'normal' (m/n) with NFSS spec.:
(fontspec)             <8.5->s*[0.9999964596882403]"[latinmodern-math.otf]/OT:script=math;language=dflt;"<6-8.5>s*[0.9999964596882403]"[latinmodern-math.otf]/OT:script=math;language=dflt;+ssty=0;"<-6>s*[0.9999964596882403]"[latinmodern-math.otf]/OT:script=math;language=dflt;+ssty=1;"
(fontspec)             - 'bold' (b/n) with NFSS spec.:
(fontspec)             <->s*[0.9999964596882403]"[latinmodern-math.otf]/OT:script=math;language=dflt;"

LaTeX Font Info:    Font shape `TU/latinmodern-math.otf(1)/m/n' will be
(Font)              scaled to size 10.0pt on input line 154.
LaTeX Font Info:    Encoding `OT1' has changed to `TU' for symbol font
(Font)              `operators' in the math version `normal' on input line 154.
LaTeX Font Info:    Overwriting symbol font `operators' in version `normal'
(Font)                  OT1/lmr/m/n --> TU/latinmodern-math.otf(1)/m/n on input line 154.
LaTeX Font Info:    Encoding `OT1' has changed to `TU' for symbol font
(Font)              `operators' in the math version `bold' on input line 154.
LaTeX Font Info:    Overwriting symbol font `operators' in version `bold'
(Font)                  OT1/lmr/bx/n --> TU/latinmodern-math.otf(1)/b/n on input line 154.

Package fontspec Info: 
(fontspec)             latinmodern-math scale = 0.9999964596882403.


Package fontspec Info: 
(fontspec)             latinmodern-math scale = 1.000096459334209.


Package fontspec Info: 
(fontspec)             latinmodern-math scale = 0.9999964596882403.


Package fontspec Info: 
(fontspec)             latinmodern-math scale = 1.000096459334209.


Package fontspec Info: 
(fontspec)             latinmodern-math scale = 0.9999964596882403.


Package fontspec Info: 
(fontspec)             latinmodern-math scale = 1.000096459334209.


Package fontspec Info: 
(fontspec)             latinmodern-math scale = 0.9999964596882403.


Package fontspec Info: 
(fontspec)             latinmodern-math scale = 1.000096459334209.


Package fontspec Info: 
(fontspec)             latinmodern-math scale = 0.9999964596882403.


Package fontspec Info: 
(fontspec)             latinmodern-math scale = 1.000096459334209.


Package fontspec Info: 
(fontspec)             Font family 'latinmodern-math.otf(2)' created for font
(fontspec)             'latinmodern-math.otf' with options
(fontspec)             [Scale=MatchLowercase,BoldItalicFont={},ItalicFont={},SmallCapsFont={},Script=Math,SizeFeatures={{Size=8.5-},{Size=6-8.5,Font=latinmodern-math.otf,Style=MathScript},{Size=-6,Font=latinmodern-math.otf,Style=MathScriptScript}},BoldFont={latinmodern-math.otf},ScaleAgain=1.0001,FontAdjustment={\fontdimen
(fontspec)             8\font =6.77pt\relax \fontdimen 9\font =3.94pt\relax
(fontspec)             \fontdimen 10\font =4.44pt\relax \fontdimen 11\font
(fontspec)             =6.86pt\relax \fontdimen 12\font =3.45pt\relax
(fontspec)             \fontdimen 13\font =3.63pt\relax \fontdimen 14\font
(fontspec)             =3.63pt\relax \fontdimen 15\font =2.89pt\relax
(fontspec)             \fontdimen 16\font =2.47pt\relax \fontdimen 17\font
(fontspec)             =2.47pt\relax \fontdimen 18\font =2.5pt\relax
(fontspec)             \fontdimen 19\font =2.0pt\relax \fontdimen 22\font
(fontspec)             =2.5pt\relax \fontdimen 20\font =0pt\relax \fontdimen
(fontspec)             21\font =0pt\relax }].
(fontspec)              
(fontspec)              This font family consists of the following NFSS
(fontspec)             series/shapes:
(fontspec)              
(fontspec)             - 'normal' (m/n) with NFSS spec.:
(fontspec)             <8.5->s*[1.000096459334209]"[latinmodern-math.otf]/OT:script=math;language=dflt;"<6-8.5>s*[1.000096459334209]"[latinmodern-math.otf]/OT:script=math;language=dflt;+ssty=0;"<-6>s*[1.000096459334209]"[latinmodern-math.otf]/OT:script=math;language=dflt;+ssty=1;"
(fontspec)             - 'bold' (b/n) with NFSS spec.:
(fontspec)             <->s*[1.000096459334209]"[latinmodern-math.otf]/OT:script=math;language=dflt;"

LaTeX Font Info:    Encoding `OMS' has changed to `TU' for symbol font
(Font)              `symbols' in the math version `normal' on input line 154.
LaTeX Font Info:    Overwriting symbol font `symbols' in version `normal'
(Font)                  OMS/lmsy/m/n --> TU/latinmodern-math.otf(2)/m/n on input line 154.
LaTeX Font Info:    Encoding `OMS' has changed to `TU' for symbol font
(Font)              `symbols' in the math version `bold' on input line 154.
LaTeX Font Info:    Overwriting symbol font `symbols' in version `bold'
(Font)                  OMS/lmsy/b/n --> TU/latinmodern-math.otf(2)/b/n on input line 154.

Package fontspec Info: 
(fontspec)             latinmodern-math scale = 0.9999964596882403.


Package fontspec Info: 
(fontspec)             latinmodern-math scale = 0.9998964600422715.


Package fontspec Info: 
(fontspec)             latinmodern-math scale = 0.9999964596882403.


Package fontspec Info: 
(fontspec)             latinmodern-math scale = 0.9998964600422715.


Package fontspec Info: 
(fontspec)             latinmodern-math scale = 0.9999964596882403.


Package fontspec Info: 
(fontspec)             latinmodern-math scale = 0.9998964600422715.


Package fontspec Info: 
(fontspec)             latinmodern-math scale = 0.9999964596882403.


Package fontspec Info: 
(fontspec)             latinmodern-math scale = 0.9998964600422715.


Package fontspec Info: 
(fontspec)             latinmodern-math scale = 0.9999964596882403.


Package fontspec Info: 
(fontspec)             latinmodern-math scale = 0.9998964600422715.


Package fontspec Info: 
(fontspec)             Font family 'latinmodern-math.otf(3)' created for font
(fontspec)             'latinmodern-math.otf' with options
(fontspec)             [Scale=MatchLowercase,BoldItalicFont={},ItalicFont={},SmallCapsFont={},Script=Math,SizeFeatures={{Size=8.5-},{Size=6-8.5,Font=latinmodern-math.otf,Style=MathScript},{Size=-6,Font=latinmodern-math.otf,Style=MathScriptScript}},BoldFont={latinmodern-math.otf},ScaleAgain=0.9999,FontAdjustment={\fontdimen
(fontspec)             8\font =0.4pt\relax \fontdimen 9\font =2.0pt\relax
(fontspec)             \fontdimen 10\font =1.67pt\relax \fontdimen 11\font
(fontspec)             =1.11pt\relax \fontdimen 12\font =6.0pt\relax
(fontspec)             \fontdimen 13\font =0pt\relax }].
(fontspec)              
(fontspec)              This font family consists of the following NFSS
(fontspec)             series/shapes:
(fontspec)              
(fontspec)             - 'normal' (m/n) with NFSS spec.:
(fontspec)             <8.5->s*[0.9998964600422715]"[latinmodern-math.otf]/OT:script=math;language=dflt;"<6-8.5>s*[0.9998964600422715]"[latinmodern-math.otf]/OT:script=math;language=dflt;+ssty=0;"<-6>s*[0.9998964600422715]"[latinmodern-math.otf]/OT:script=math;language=dflt;+ssty=1;"
(fontspec)             - 'bold' (b/n) with NFSS spec.:
(fontspec)             <->s*[0.9998964600422715]"[latinmodern-math.otf]/OT:script=math;language=dflt;"

LaTeX Font Info:    Encoding `OMX' has changed to `TU' for symbol font
(Font)              `largesymbols' in the math version `normal' on input line 154.
LaTeX Font Info:    Overwriting symbol font `largesymbols' in version `normal'
(Font)                  OMX/lmex/m/n --> TU/latinmodern-math.otf(3)/m/n on input line 154.
LaTeX Font Info:    Encoding `OMX' has changed to `TU' for symbol font
(Font)              `largesymbols' in the math version `bold' on input line 154.
LaTeX Font Info:    Overwriting symbol font `largesymbols' in version `bold'
(Font)                  OMX/lmex/m/n --> TU/latinmodern-math.otf(3)/b/n on input line 154.
LaTeX Info: Redefining \microtypecontext on input line 154.
Package microtype Info: Applying patch `item' on input line 154.
Package microtype Info: Applying patch `toc' on input line 154.
Package microtype Info: Applying patch `eqnum' on input line 154.
Package microtype Info: Applying patch `footnote' on input line 154.
Package microtype Info: Applying patch `verbatim' on input line 154.
Package microtype Info: Character protrusion enabled (level 2).
Package microtype Info: Using protrusion set `basicmath'.
Package microtype Info: No adjustment of tracking.
Package microtype Info: No adjustment of spacing.
Package microtype Info: No adjustment of kerning.
(c:/Users/hugop/AppData/Roaming/TinyTeX/texmf-dist/tex/latex/microtype/mt-LatinModernRoman.cfg
File: mt-LatinModernRoman.cfg 2021/02/21 v1.1 microtype config. file: Latin Modern Roman (RS)
)
Package caption Info: Begin \AtBeginDocument code.
Package caption Info: float package is loaded.
Package caption Info: hyperref package is loaded.
Package caption Info: threeparttable package is loaded.
Package caption Info: wrapfig package is loaded.
Package caption Info: End \AtBeginDocument code.
Package hyperref Info: Link coloring OFF on input line 154.
LaTeX Font Info:    Font shape `TU/latinmodern-math.otf(1)/m/n' will be
(Font)              scaled to size 12.0pt on input line 156.
LaTeX Font Info:    Font shape `TU/latinmodern-math.otf(1)/m/n' will be
(Font)              scaled to size 8.0pt on input line 156.
LaTeX Font Info:    Font shape `TU/latinmodern-math.otf(1)/m/n' will be
(Font)              scaled to size 6.0pt on input line 156.
LaTeX Font Info:    Trying to load font information for OML+lmm on input line 156.
(c:/Users/hugop/AppData/Roaming/TinyTeX/texmf-dist/tex/latex/lm/omllmm.fd
File: omllmm.fd 2015/05/01 v1.6.1 Font defs for Latin Modern
)
LaTeX Font Info:    Font shape `TU/latinmodern-math.otf(2)/m/n' will be
(Font)              scaled to size 12.0011pt on input line 156.
LaTeX Font Info:    Font shape `TU/latinmodern-math.otf(2)/m/n' will be
(Font)              scaled to size 8.00073pt on input line 156.
LaTeX Font Info:    Font shape `TU/latinmodern-math.otf(2)/m/n' will be
(Font)              scaled to size 6.00055pt on input line 156.
LaTeX Font Info:    Font shape `TU/latinmodern-math.otf(3)/m/n' will be
(Font)              scaled to size 11.99872pt on input line 156.
LaTeX Font Info:    Font shape `TU/latinmodern-math.otf(3)/m/n' will be
(Font)              scaled to size 7.99915pt on input line 156.
LaTeX Font Info:    Font shape `TU/latinmodern-math.otf(3)/m/n' will be
(Font)              scaled to size 5.99936pt on input line 156.
LaTeX Font Info:    Trying to load font information for U+msa on input line 156.
(c:/Users/hugop/AppData/Roaming/TinyTeX/texmf-dist/tex/latex/amsfonts/umsa.fd
File: umsa.fd 2013/01/14 v3.01 AMS symbols A
) (c:/Users/hugop/AppData/Roaming/TinyTeX/texmf-dist/tex/latex/microtype/mt-msa.cfg
File: mt-msa.cfg 2006/02/04 v1.1 microtype config. file: AMS symbols (a) (RS)
)
LaTeX Font Info:    Trying to load font information for U+msb on input line 156.
(c:/Users/hugop/AppData/Roaming/TinyTeX/texmf-dist/tex/latex/amsfonts/umsb.fd
File: umsb.fd 2013/01/14 v3.01 AMS symbols B
) (c:/Users/hugop/AppData/Roaming/TinyTeX/texmf-dist/tex/latex/microtype/mt-msb.cfg
File: mt-msb.cfg 2005/06/01 v1.0 microtype config. file: AMS symbols (b) (RS)
)

[1


]

[2

] (./bookdown-demo.toc
LaTeX Font Info:    Font shape `TU/latinmodern-math.otf(1)/m/n' will be
(Font)              scaled to size 7.0pt on input line 3.
LaTeX Font Info:    Font shape `TU/latinmodern-math.otf(1)/m/n' will be
(Font)              scaled to size 5.0pt on input line 3.
LaTeX Font Info:    Font shape `TU/latinmodern-math.otf(2)/m/n' will be
(Font)              scaled to size 10.00092pt on input line 3.
LaTeX Font Info:    Font shape `TU/latinmodern-math.otf(2)/m/n' will be
(Font)              scaled to size 7.00064pt on input line 3.
LaTeX Font Info:    Font shape `TU/latinmodern-math.otf(2)/m/n' will be
(Font)              scaled to size 5.00046pt on input line 3.
LaTeX Font Info:    Font shape `TU/latinmodern-math.otf(3)/m/n' will be
(Font)              scaled to size 9.99893pt on input line 3.
LaTeX Font Info:    Font shape `TU/latinmodern-math.otf(3)/m/n' will be
(Font)              scaled to size 6.99925pt on input line 3.
LaTeX Font Info:    Font shape `TU/latinmodern-math.otf(3)/m/n' will be
(Font)              scaled to size 4.99947pt on input line 3.
)
\tf@toc=\write4
\openout4 = `bookdown-demo.toc'.



[3]

[4

]

[5]

[6

]
Chapter 1.
LaTeX Font Info:    Font shape `TU/lmtt/bx/n' in size <10> not available
(Font)              Font shape `TU/lmtt/b/n' tried instead on input line 200.

Overfull \hbox (90.75pt too wide) in paragraph at lines 215--215
[]\TU/lmtt/m/n/10 ## -- Attaching core tidyverse packages ------------------------ tidyverse 2.0.0 --[] 
 []


Overfull \hbox (90.75pt too wide) in paragraph at lines 215--215
[]\TU/lmtt/m/n/10 ## -- Conflicts ------------------------------------------ tidyverse_conflicts() --[] 
 []


Overfull \hbox (201.0pt too wide) in paragraph at lines 215--215
[]\TU/lmtt/m/n/10 ## i Use the conflicted package (<http://conflicted.r-lib.org/>) to force all conflicts to become errors[] 
 []


Overfull \hbox (22.5pt too wide) in paragraph at lines 226--226
[]\TU/lmtt/m/n/10 ## Linking to GEOS 3.11.2, GDAL 3.8.2, PROJ 9.3.1; sf_use_s2() is TRUE[] 
 []



[7]
Overfull \hbox (90.75pt too wide) in paragraph at lines 305--305
[]\TU/lmtt/m/n/10 ## -- Column specification --------------------------------------------------------[] 
 []


Overfull \hbox (43.5pt too wide) in paragraph at lines 305--305
[]\TU/lmtt/m/n/10 ## i Use []spec()[] to retrieve the full column specification for this data.[] 
 []


Overfull \hbox (96.0pt too wide) in paragraph at lines 305--305
[]\TU/lmtt/m/n/10 ## i Specify the column types or set []show_col_types = FALSE[] to quiet this message.[] 
 []


Underfull \vbox (badness 7064) has occurred while \output is active []



[8]
Overfull \hbox (122.25pt too wide) in paragraph at lines 327--327
[]\TU/lmtt/m/n/10 ## Warning: Removed 2066 rows containing missing values or values outside the scale range[] 
 []

File: bookdown-demo_files/figure-latex/unnamed-chunk-4-1.pdf Graphic file (type pdf)
<use bookdown-demo_files/figure-latex/unnamed-chunk-4-1.pdf>


[9]
File: bookdown-demo_files/figure-latex/unnamed-chunk-6-1.pdf Graphic file (type pdf)
<use bookdown-demo_files/figure-latex/unnamed-chunk-6-1.pdf>
File: bookdown-demo_files/figure-latex/unnamed-chunk-7-1.pdf Graphic file (type pdf)
<use bookdown-demo_files/figure-latex/unnamed-chunk-7-1.pdf>

Underfull \vbox (badness 10000) has occurred while \output is active []



[10]

[11]
Overfull \hbox (37.01498pt too wide) in paragraph at lines 423--427
\TU/lmr/m/n/10 possible d’aller chercher grâce au $ : model1$[][][][][][][][][][][][][][][][][][][][][][][][][][][][][][][][][]$residuals
 []


Overfull \hbox (69.75pt too wide) in paragraph at lines 476--476
[]\TU/lmtt/m/n/10 ## lm(formula = loyer ~ surface + type + PEB + nb_chambres, data = loyers_data)[] 
 []



[12]

[13]
Overfull \vbox (0.35997pt too high) detected at line 586
 []



[14]
File: bookdown-demo_files/figure-latex/unnamed-chunk-13-1.pdf Graphic file (type pdf)
<use bookdown-demo_files/figure-latex/unnamed-chunk-13-1.pdf>

Overfull \hbox (27.75pt too wide) in paragraph at lines 640--640
[]\TU/lmtt/m/n/10 ## lm(formula = loyer_surface ~ inv_surface + type + PEB + nb_chambres,[] 
 []



[15]
File: bookdown-demo_files/figure-latex/unnamed-chunk-15-1.pdf Graphic file (type pdf)
<use bookdown-demo_files/figure-latex/unnamed-chunk-15-1.pdf>

Underfull \vbox (badness 10000) has occurred while \output is active []



[16]
Overfull \hbox (43.5pt too wide) in paragraph at lines 705--705
[]\TU/lmtt/m/n/10 ## lm(formula = loyer ~ surface + I(surface^2) + type + PEB + nb_chambres,[] 
 []



[17]
File: bookdown-demo_files/figure-latex/unnamed-chunk-17-1.pdf Graphic file (type pdf)
<use bookdown-demo_files/figure-latex/unnamed-chunk-17-1.pdf>

Underfull \vbox (badness 10000) has occurred while \output is active []



[18]

LaTeX Warning: Float too large for page by 269.4pt on input line 1165.

File: bookdown-demo_files/figure-latex/unnamed-chunk-20-1.pdf Graphic file (type pdf)
<use bookdown-demo_files/figure-latex/unnamed-chunk-20-1.pdf>
File: bookdown-demo_files/figure-latex/unnamed-chunk-20-2.pdf Graphic file (type pdf)
<use bookdown-demo_files/figure-latex/unnamed-chunk-20-2.pdf>

Underfull \vbox (badness 10000) has occurred while \output is active []



[19]
File: bookdown-demo_files/figure-latex/unnamed-chunk-21-1.pdf Graphic file (type pdf)
<use bookdown-demo_files/figure-latex/unnamed-chunk-21-1.pdf>

Underfull \vbox (badness 10000) has occurred while \output is active []



[20]
Overfull \hbox (159.0pt too wide) in paragraph at lines 1265--1265
[]\TU/lmtt/m/n/10 ##   []C:\Users\hugop\Nextcloud\git\book\data\sh_statbel_statistical_sectors_31370_20230101.gpkg[][] 
 []


Overfull \hbox (59.25pt too wide) in paragraph at lines 1265--1265
[]\TU/lmtt/m/n/10 ## Bounding box:  xmin: 21991.63 ymin: 21162.16 xmax: 295167.1 ymax: 244027.2[] 
 []



[21]
File: bookdown-demo_files/figure-latex/unnamed-chunk-25-1.pdf Graphic file (type pdf)
<use bookdown-demo_files/figure-latex/unnamed-chunk-25-1.pdf>


[22]
File: bookdown-demo_files/figure-latex/unnamed-chunk-28-1.pdf Graphic file (type pdf)
<use bookdown-demo_files/figure-latex/unnamed-chunk-28-1.pdf>

Underfull \vbox (badness 10000) has occurred while \output is active []



[23]
Overfull \hbox (90.75pt too wide) in paragraph at lines 1376--1376
[]\TU/lmtt/m/n/10 ## -- Column specification --------------------------------------------------------[] 
 []


Overfull \hbox (43.5pt too wide) in paragraph at lines 1376--1376
[]\TU/lmtt/m/n/10 ## i Use []spec()[] to retrieve the full column specification for this data.[] 
 []


Overfull \hbox (96.0pt too wide) in paragraph at lines 1376--1376
[]\TU/lmtt/m/n/10 ## i Specify the column types or set []show_col_types = FALSE[] to quiet this message.[] 
 []



[24]
File: bookdown-demo_files/figure-latex/unnamed-chunk-29-1.pdf Graphic file (type pdf)
<use bookdown-demo_files/figure-latex/unnamed-chunk-29-1.pdf>

LaTeX Warning: Float too large for page by 183.4pt on input line 1729.



[25]
Overfull \hbox (90.75pt too wide) in paragraph at lines 1761--1761
[]\TU/lmtt/m/n/10 ## -- Column specification --------------------------------------------------------[] 
 []


Overfull \hbox (54.0pt too wide) in paragraph at lines 1761--1761
[]\TU/lmtt/m/n/10 ## dbl (6): ID_SS, exp_ais, exp_individu, exp_public, exp_société, exp_total[] 
 []


Overfull \hbox (43.5pt too wide) in paragraph at lines 1761--1761
[]\TU/lmtt/m/n/10 ## i Use []spec()[] to retrieve the full column specification for this data.[] 
 []


Overfull \hbox (96.0pt too wide) in paragraph at lines 1761--1761
[]\TU/lmtt/m/n/10 ## i Specify the column types or set []show_col_types = FALSE[] to quiet this message.[] 
 []


Overfull \hbox (90.75pt too wide) in paragraph at lines 1778--1778
[]\TU/lmtt/m/n/10 ## -- Column specification --------------------------------------------------------[] 
 []


Overfull \hbox (43.5pt too wide) in paragraph at lines 1778--1778
[]\TU/lmtt/m/n/10 ## i Use []spec()[] to retrieve the full column specification for this data.[] 
 []


Overfull \hbox (96.0pt too wide) in paragraph at lines 1778--1778
[]\TU/lmtt/m/n/10 ## i Specify the column types or set []show_col_types = FALSE[] to quiet this message.[] 
 []


Overfull \hbox (159.0pt too wide) in paragraph at lines 1796--1796
[]\TU/lmtt/m/n/10 ##   []C:\Users\hugop\Nextcloud\git\book\data\sh_statbel_statistical_sectors_31370_20230101.gpkg[][] 
 []


Overfull \hbox (59.25pt too wide) in paragraph at lines 1796--1796
[]\TU/lmtt/m/n/10 ## Bounding box:  xmin: 21991.63 ymin: 21162.16 xmax: 295167.1 ymax: 244027.2[] 
 []


Overfull \hbox (69.75pt too wide) in paragraph at lines 1815--1815
[]\TU/lmtt/m/n/10 ##   []C:\Users\hugop\Nextcloud\git\book\data\cantons_judiciaires_bxl_2018.gpkg[][] 
 []


Overfull \hbox (59.25pt too wide) in paragraph at lines 1815--1815
[]\TU/lmtt/m/n/10 ## Bounding box:  xmin: 141192.7 ymin: 161464.7 xmax: 158003.9 ymax: 178175.9[] 
 []



[26]
Overfull \hbox (69.75pt too wide) in paragraph at lines 1831--1831
[]\TU/lmtt/m/n/10 ## Warning: st_point_on_surface assumes attributes are constant over geometries[] 
 []

File: bookdown-demo_files/figure-latex/unnamed-chunk-33-1.pdf Graphic file (type pdf)
<use bookdown-demo_files/figure-latex/unnamed-chunk-33-1.pdf>

Underfull \vbox (badness 10000) has occurred while \output is active []



[27]
File: bookdown-demo_files/figure-latex/unnamed-chunk-34-1.pdf Graphic file (type pdf)
<use bookdown-demo_files/figure-latex/unnamed-chunk-34-1.pdf>

Overfull \hbox (121.90033pt too wide) in paragraph at lines 1885--1886
 \TU/lmr/bx/n/10 1.3.4.1.2 Les cantons:[] [] 
 []


Underfull \vbox (badness 10000) has occurred while \output is active []



[28]
File: bookdown-demo_files/figure-latex/unnamed-chunk-35-1.pdf Graphic file (type pdf)
<use bookdown-demo_files/figure-latex/unnamed-chunk-35-1.pdf>

Overfull \hbox (225.45703pt too wide) in paragraph at lines 1903--1904
 \TU/lmr/bx/n/10 1.3.4.1.3 L’indice synthétique de difficulté:[] [] 
 []


Underfull \vbox (badness 10000) has occurred while \output is active []



[29]
File: bookdown-demo_files/figure-latex/unnamed-chunk-37-1.pdf Graphic file (type pdf)
<use bookdown-demo_files/figure-latex/unnamed-chunk-37-1.pdf>

Underfull \vbox (badness 10000) has occurred while \output is active []



[30]
Overfull \hbox (27.75pt too wide) in paragraph at lines 1971--1971
[]\TU/lmtt/m/n/10 ## lm(formula = tx_expulsion ~ []Indice synthétique de difficulté 2010[],[] 
 []


Overfull \hbox (69.75pt too wide) in paragraph at lines 1971--1971
[]\TU/lmtt/m/n/10 ##                                         Estimate Std. Error t value Pr(>|t|)[] 
 []


Overfull \hbox (69.75pt too wide) in paragraph at lines 1971--1971
[]\TU/lmtt/m/n/10 ## (Intercept)                              1.15698    0.04469  25.887  < 2e-16[] 
 []


Overfull \hbox (69.75pt too wide) in paragraph at lines 1971--1971
[]\TU/lmtt/m/n/10 ## []Indice synthétique de difficulté 2010[]  0.15447    0.03208   4.815 2.02e-06[] 
 []



[31]
File: bookdown-demo_files/figure-latex/unnamed-chunk-39-1.pdf Graphic file (type pdf)
<use bookdown-demo_files/figure-latex/unnamed-chunk-39-1.pdf>

Overfull \hbox (27.75pt too wide) in paragraph at lines 2032--2032
[]\TU/lmtt/m/n/10 ## lm(formula = tx_expulsion ~ []Indice synthétique de difficulté 2010[],[] 
 []



[32]
Overfull \hbox (17.25pt too wide) in paragraph at lines 2032--2032
[]\TU/lmtt/m/n/10 ##     data = secteurs_stats_expulsions, weights = []Logements loués[])[] 
 []


Overfull \hbox (69.75pt too wide) in paragraph at lines 2032--2032
[]\TU/lmtt/m/n/10 ##                                         Estimate Std. Error t value Pr(>|t|)[] 
 []


Overfull \hbox (69.75pt too wide) in paragraph at lines 2032--2032
[]\TU/lmtt/m/n/10 ## (Intercept)                              1.17420    0.04720  24.879  < 2e-16[] 
 []


Overfull \hbox (69.75pt too wide) in paragraph at lines 2032--2032
[]\TU/lmtt/m/n/10 ## []Indice synthétique de difficulté 2010[]  0.10944    0.03095   3.536 0.000448[] 
 []

File: bookdown-demo_files/figure-latex/unnamed-chunk-40-1.pdf Graphic file (type pdf)
<use bookdown-demo_files/figure-latex/unnamed-chunk-40-1.pdf>

Underfull \vbox (badness 10000) has occurred while \output is active []



[33]
File: bookdown-demo_files/figure-latex/unnamed-chunk-41-1.pdf Graphic file (type pdf)
<use bookdown-demo_files/figure-latex/unnamed-chunk-41-1.pdf>


[34]

[35]

[36]
Chapter 2.

Overfull \hbox (8.82504pt too wide) in paragraph at lines 2072--2073
[]\TU/lmr/m/n/10 données des élections présidentielles 2022 par communes : pres2022comm.csv
 []


Underfull \hbox (badness 3780) in paragraph at lines 2094--2096
[]\TU/lmr/m/n/10 INSEE: []$[][][][][] [] [] [] [][][] [] [][][][] [] [][][][] [] [][] [] [][] [] [][][][][][][][] [] [][][][][][][][][] [][] [][][][][][][][][][][][][] [][]
 []


Underfull \hbox (badness 3780) in paragraph at lines 2096--2098
[]\TU/lmr/m/n/10 INSEE: []$[][][][][] [] [] [] [][][] [] [][][][] [] [][][][] [] [][] [] [][] [] [][][][][][][][] [] [][][][][][][][][] [][] [][][][][][][][][][][][][] [][]
 []



[37

]
Underfull \hbox (badness 10000) in paragraph at lines 2100--2102
[]\TU/lmr/m/n/10 INSEE: []$[][][][][] [] [] [] [][][] [] [][][][][] [] [][] [] [][] [] [][][][][][][][][][][][] [] [][][][][][][] [] [][][][][][][][] []
 []


Underfull \hbox (badness 10000) in paragraph at lines 2102--2103
[]\TU/lmr/m/n/10 INSEE : []$[][][][][] [] [] [] [][][] [] [][][][][] [] [][] [] [][] [] [][][][][][][][][][][][] [] [][][][][][][] [] [][][][][][][][] []
 []


Overfull \hbox (122.25pt too wide) in paragraph at lines 2133--2133
[]\TU/lmtt/m/n/10 ## Welcome! Want to learn more? See two factoextra-related books at https://goo.gl/ve3WBa[] 
 []



[38]
Overfull \hbox (90.75pt too wide) in paragraph at lines 2174--2174
[]\TU/lmtt/m/n/10 ## -- Column specification --------------------------------------------------------[] 
 []


Overfull \hbox (85.5pt too wide) in paragraph at lines 2174--2174
[]\TU/lmtt/m/n/10 ## dbl (93): inscrits, votants, exprimes, voixARTHAUD, voixPOUTOU, voixROUSSEL,...[] 
 []


Overfull \hbox (43.5pt too wide) in paragraph at lines 2174--2174
[]\TU/lmtt/m/n/10 ## i Use []spec()[] to retrieve the full column specification for this data.[] 
 []


Overfull \hbox (96.0pt too wide) in paragraph at lines 2174--2174
[]\TU/lmtt/m/n/10 ## i Specify the column types or set []show_col_types = FALSE[] to quiet this message.[] 
 []


Overfull \hbox (90.75pt too wide) in paragraph at lines 2193--2193
[]\TU/lmtt/m/n/10 ## -- Column specification --------------------------------------------------------[] 
 []


Overfull \hbox (85.5pt too wide) in paragraph at lines 2193--2193
[]\TU/lmtt/m/n/10 ## chr (11): TYPECOM, COM, REG, DEP, CTCD, ARR, NCC, NCCENR, LIBELLE, CAN, COMP...[] 
 []


Overfull \hbox (43.5pt too wide) in paragraph at lines 2193--2193
[]\TU/lmtt/m/n/10 ## i Use []spec()[] to retrieve the full column specification for this data.[] 
 []


Overfull \hbox (96.0pt too wide) in paragraph at lines 2193--2193
[]\TU/lmtt/m/n/10 ## i Specify the column types or set []show_col_types = FALSE[] to quiet this message.[] 
 []


Overfull \hbox (111.75pt too wide) in paragraph at lines 2223--2223
[]\TU/lmtt/m/n/10 ##   []C:\Users\hugop\Nextcloud\git\book\data\France\communes_arrond_ile_de_france.gpkg[][] 
 []


Overfull \hbox (59.25pt too wide) in paragraph at lines 2223--2223
[]\TU/lmtt/m/n/10 ## Bounding box:  xmin: 1.446244 ymin: 48.12015 xmax: 3.559221 ymax: 49.24143[] 
 []


Overfull \hbox (27.75pt too wide) in paragraph at lines 2243--2243
[]\TU/lmtt/m/n/10 ## Reading layer []arrondissements_municipaux-20180711[] from data source[] 
 []


Overfull \hbox (348.0pt too wide) in paragraph at lines 2243--2243
[]\TU/lmtt/m/n/10 ##   []C:\Users\hugop\Nextcloud\git\book\data\France\arrondissements_municipaux-20180711-shp\arrondissements_municipaux-20180711.shp[][] 
 []



[39]
Overfull \hbox (59.25pt too wide) in paragraph at lines 2243--2243
[]\TU/lmtt/m/n/10 ## Bounding box:  xmin: 2.224122 ymin: 43.19714 xmax: 5.532476 ymax: 48.90216[] 
 []


Overfull \hbox (222.0pt too wide) in paragraph at lines 2269--2269
[]\TU/lmtt/m/n/10 ## Warning in sf_column %in% names(g): Detected an unexpected many-to-many relationship between []x[] and []y[].[] 
 []


Overfull \hbox (12.0pt too wide) in paragraph at lines 2269--2269
[]\TU/lmtt/m/n/10 ## i If a many-to-many relationship is expected, set []relationship =[] 
 []


Overfull \hbox (222.0pt too wide) in paragraph at lines 2298--2298
[]\TU/lmtt/m/n/10 ## Warning in sf_column %in% names(g): Detected an unexpected many-to-many relationship between []x[] and []y[].[] 
 []


Overfull \hbox (12.0pt too wide) in paragraph at lines 2298--2298
[]\TU/lmtt/m/n/10 ## i If a many-to-many relationship is expected, set []relationship =[] 
 []


Overfull \hbox (85.5pt too wide) in paragraph at lines 2303--2303
[]\TU/lmtt/m/n/10 ## []summarise()[] has grouped output by []DEP[]. You can override using the [].groups[][] 
 []


Underfull \vbox (badness 4765) has occurred while \output is active []



[40]

[41]
File: bookdown-demo_files/figure-latex/unnamed-chunk-52-1.pdf Graphic file (type pdf)
<use bookdown-demo_files/figure-latex/unnamed-chunk-52-1.pdf>
File: bookdown-demo_files/figure-latex/unnamed-chunk-52-2.pdf Graphic file (type pdf)
<use bookdown-demo_files/figure-latex/unnamed-chunk-52-2.pdf>

Underfull \vbox (badness 10000) has occurred while \output is active []



[42]
File: bookdown-demo_files/figure-latex/unnamed-chunk-52-3.pdf Graphic file (type pdf)
<use bookdown-demo_files/figure-latex/unnamed-chunk-52-3.pdf>
File: bookdown-demo_files/figure-latex/unnamed-chunk-52-4.pdf Graphic file (type pdf)
<use bookdown-demo_files/figure-latex/unnamed-chunk-52-4.pdf>

Underfull \hbox (badness 10000) in paragraph at lines 2398--2399
[][]
 []


Underfull \vbox (badness 10000) has occurred while \output is active []



[43]
File: bookdown-demo_files/figure-latex/unnamed-chunk-52-5.pdf Graphic file (type pdf)
<use bookdown-demo_files/figure-latex/unnamed-chunk-52-5.pdf>
File: bookdown-demo_files/figure-latex/unnamed-chunk-52-6.pdf Graphic file (type pdf)
<use bookdown-demo_files/figure-latex/unnamed-chunk-52-6.pdf>

Underfull \vbox (badness 10000) has occurred while \output is active []



[44]
File: bookdown-demo_files/figure-latex/unnamed-chunk-52-7.pdf Graphic file (type pdf)
<use bookdown-demo_files/figure-latex/unnamed-chunk-52-7.pdf>
File: bookdown-demo_files/figure-latex/unnamed-chunk-52-8.pdf Graphic file (type pdf)
<use bookdown-demo_files/figure-latex/unnamed-chunk-52-8.pdf>
File: bookdown-demo_files/figure-latex/unnamed-chunk-52-9.pdf Graphic file (type pdf)
<use bookdown-demo_files/figure-latex/unnamed-chunk-52-9.pdf>
File: bookdown-demo_files/figure-latex/unnamed-chunk-52-10.pdf Graphic file (type pdf)
<use bookdown-demo_files/figure-latex/unnamed-chunk-52-10.pdf>

Underfull \hbox (badness 10000) in paragraph at lines 2416--2417
[][]
 []


Underfull \hbox (badness 10000) in paragraph at lines 2416--2417
[]
 []


Underfull \hbox (badness 10000) in paragraph at lines 2416--2417
[]
 []


Underfull \vbox (badness 10000) has occurred while \output is active []



[45]
Underfull \vbox (badness 10000) has occurred while \output is active []



[46]
File: bookdown-demo_files/figure-latex/unnamed-chunk-52-11.pdf Graphic file (type pdf)
<use bookdown-demo_files/figure-latex/unnamed-chunk-52-11.pdf>
File: bookdown-demo_files/figure-latex/unnamed-chunk-52-12.pdf Graphic file (type pdf)
<use bookdown-demo_files/figure-latex/unnamed-chunk-52-12.pdf>

Underfull \hbox (badness 10000) in paragraph at lines 2422--2423
[][]
 []


Underfull \vbox (badness 10000) has occurred while \output is active []



[47]
Overfull \hbox (64.5pt too wide) in paragraph at lines 2469--2469
[]\TU/lmtt/m/n/10 ##              ARTHAUD POUTOU ROUSSEL MELENCHON JADOT HIDALGO LASSALLE MACRON[] 
 []


Overfull \hbox (64.5pt too wide) in paragraph at lines 2469--2469
[]\TU/lmtt/m/n/10 ## ARTHAUD         1.00   0.09    0.05      0.05 -0.16   -0.04     0.08  -0.29[] 
 []


Overfull \hbox (64.5pt too wide) in paragraph at lines 2469--2469
[]\TU/lmtt/m/n/10 ## POUTOU          0.09   1.00    0.14      0.00 -0.06   -0.03     0.10  -0.24[] 
 []


Overfull \hbox (64.5pt too wide) in paragraph at lines 2469--2469
[]\TU/lmtt/m/n/10 ## ROUSSEL         0.05   0.14    1.00      0.17 -0.01    0.12     0.01  -0.22[] 
 []


Overfull \hbox (64.5pt too wide) in paragraph at lines 2469--2469
[]\TU/lmtt/m/n/10 ## MELENCHON       0.05   0.00    0.17      1.00 -0.15    0.11    -0.35  -0.29[] 
 []


Overfull \hbox (64.5pt too wide) in paragraph at lines 2469--2469
[]\TU/lmtt/m/n/10 ## JADOT          -0.16  -0.06   -0.01     -0.15  1.00    0.33    -0.06   0.58[] 
 []


Overfull \hbox (64.5pt too wide) in paragraph at lines 2469--2469
[]\TU/lmtt/m/n/10 ## HIDALGO        -0.04  -0.03    0.12      0.11  0.33    1.00    -0.07   0.20[] 
 []


Overfull \hbox (64.5pt too wide) in paragraph at lines 2469--2469
[]\TU/lmtt/m/n/10 ## LASSALLE        0.08   0.10    0.01     -0.35 -0.06   -0.07     1.00  -0.17[] 
 []


Overfull \hbox (64.5pt too wide) in paragraph at lines 2469--2469
[]\TU/lmtt/m/n/10 ## MACRON         -0.29  -0.24   -0.22     -0.29  0.58    0.20    -0.17   1.00[] 
 []


Overfull \hbox (64.5pt too wide) in paragraph at lines 2469--2469
[]\TU/lmtt/m/n/10 ## PECRESSE       -0.13  -0.07   -0.26     -0.54  0.06   -0.11     0.08   0.25[] 
 []


Overfull \hbox (64.5pt too wide) in paragraph at lines 2469--2469
[]\TU/lmtt/m/n/10 ## ZEMMOUR        -0.07  -0.13   -0.27     -0.53  0.10   -0.14     0.14   0.25[] 
 []


Overfull \hbox (64.5pt too wide) in paragraph at lines 2469--2469
[]\TU/lmtt/m/n/10 ## DUPONTAIGNAN    0.05   0.06    0.09     -0.29 -0.07   -0.11     0.16  -0.16[] 
 []


Overfull \hbox (64.5pt too wide) in paragraph at lines 2469--2469
[]\TU/lmtt/m/n/10 ## MLEPEN          0.20   0.17    0.03     -0.40 -0.54   -0.31     0.31  -0.68[] 
 []



[48]
File: bookdown-demo_files/figure-latex/unnamed-chunk-54-1.pdf Graphic file (type pdf)
<use bookdown-demo_files/figure-latex/unnamed-chunk-54-1.pdf>
File: bookdown-demo_files/figure-latex/unnamed-chunk-55-1.pdf Graphic file (type pdf)
<use bookdown-demo_files/figure-latex/unnamed-chunk-55-1.pdf>

Underfull \vbox (badness 10000) has occurred while \output is active []



[49]
File: bookdown-demo_files/figure-latex/unnamed-chunk-57-1.pdf Graphic file (type pdf)
<use bookdown-demo_files/figure-latex/unnamed-chunk-57-1.pdf>
File: bookdown-demo_files/figure-latex/unnamed-chunk-57-2.pdf Graphic file (type pdf)
<use bookdown-demo_files/figure-latex/unnamed-chunk-57-2.pdf>

Underfull \hbox (badness 10000) in paragraph at lines 2551--2552
[][]
 []



[50]
Underfull \vbox (badness 3009) has occurred while \output is active []



[51]
File: bookdown-demo_files/figure-latex/unnamed-chunk-59-1.pdf Graphic file (type pdf)
<use bookdown-demo_files/figure-latex/unnamed-chunk-59-1.pdf>

Underfull \vbox (badness 10000) has occurred while \output is active []



[52]
File: bookdown-demo_files/figure-latex/unnamed-chunk-60-1.pdf Graphic file (type pdf)
<use bookdown-demo_files/figure-latex/unnamed-chunk-60-1.pdf>
File: bookdown-demo_files/figure-latex/unnamed-chunk-60-2.pdf Graphic file (type pdf)
<use bookdown-demo_files/figure-latex/unnamed-chunk-60-2.pdf>

Underfull \hbox (badness 10000) in paragraph at lines 2615--2616
[][]
 []


Underfull \vbox (badness 10000) has occurred while \output is active []



[53]
Underfull \vbox (badness 10000) has occurred while \output is active []



[54]
Overfull \hbox (59.25pt too wide) in paragraph at lines 2673--2673
[]\TU/lmtt/m/n/10 ##                    Dim.1        Dim.2        Dim.3       Dim.4       Dim.5[] 
 []


Overfull \hbox (59.25pt too wide) in paragraph at lines 2673--2673
[]\TU/lmtt/m/n/10 ## ARTHAUD       0.75783970  0.193700662  0.053886556 -0.33202051  0.22476966[] 
 []


Overfull \hbox (59.25pt too wide) in paragraph at lines 2673--2673
[]\TU/lmtt/m/n/10 ## POUTOU        0.70415312  0.004765184  0.418058777 -0.07460159  0.23692366[] 
 []


Overfull \hbox (59.25pt too wide) in paragraph at lines 2673--2673
[]\TU/lmtt/m/n/10 ## ROUSSEL       0.66687033 -0.124984377  0.299327347  0.62640195  0.14923271[] 
 []


Overfull \hbox (59.25pt too wide) in paragraph at lines 2673--2673
[]\TU/lmtt/m/n/10 ## MELENCHON     0.74370403 -0.538863968 -0.340415783 -0.02007377 -0.09595007[] 
 []


Overfull \hbox (59.25pt too wide) in paragraph at lines 2673--2673
[]\TU/lmtt/m/n/10 ## JADOT        -0.45229731 -0.533488252  0.663311687 -0.03924331 -0.01890221[] 
 []


Overfull \hbox (59.25pt too wide) in paragraph at lines 2673--2673
[]\TU/lmtt/m/n/10 ## HIDALGO      -0.10246245 -0.687312206  0.620349032 -0.17878940 -0.04634065[] 
 []


Overfull \hbox (59.25pt too wide) in paragraph at lines 2673--2673
[]\TU/lmtt/m/n/10 ## LASSALLE      0.07686699  0.764044366  0.449976355 -0.03134172  0.14026444[] 
 []


Overfull \hbox (59.25pt too wide) in paragraph at lines 2673--2673
[]\TU/lmtt/m/n/10 ## MACRON       -0.94011924 -0.048504652  0.166318959  0.02380460  0.02352660[] 
 []


Overfull \hbox (59.25pt too wide) in paragraph at lines 2673--2673
[]\TU/lmtt/m/n/10 ## PECRESSE     -0.88585300  0.321419606 -0.009943942  0.04293183  0.14109764[] 
 []


Overfull \hbox (59.25pt too wide) in paragraph at lines 2673--2673
[]\TU/lmtt/m/n/10 ## ZEMMOUR      -0.79129943  0.372205374 -0.100007056  0.06375980  0.19413646[] 
 []


Overfull \hbox (59.25pt too wide) in paragraph at lines 2673--2673
[]\TU/lmtt/m/n/10 ## DUPONTAIGNAN  0.19419953  0.681063286  0.357058840  0.04326915 -0.55375208[] 
 []


Overfull \hbox (59.25pt too wide) in paragraph at lines 2673--2673
[]\TU/lmtt/m/n/10 ## MLEPEN        0.45088539  0.809295495  0.102917819 -0.06620236  0.04182531[] 
 []


Overfull \hbox (69.75pt too wide) in paragraph at lines 2673--2673
[]\TU/lmtt/m/n/10 ##                     Dim.6       Dim.7       Dim.8         Dim.9       Dim.10[] 
 []


Overfull \hbox (69.75pt too wide) in paragraph at lines 2673--2673
[]\TU/lmtt/m/n/10 ## ARTHAUD      -0.270976655  0.38461093 -0.05343325 -0.0045179775 -0.008370156[] 
 []


Overfull \hbox (69.75pt too wide) in paragraph at lines 2673--2673
[]\TU/lmtt/m/n/10 ## POUTOU        0.499863557  0.02458871 -0.12931404 -0.0007009491  0.015475982[] 
 []


Overfull \hbox (69.75pt too wide) in paragraph at lines 2673--2673
[]\TU/lmtt/m/n/10 ## ROUSSEL      -0.131302409  0.12543543  0.02976306 -0.0269964797  0.028203308[] 
 []


Overfull \hbox (69.75pt too wide) in paragraph at lines 2673--2673
[]\TU/lmtt/m/n/10 ## MELENCHON     0.007735581 -0.03917968 -0.02553644  0.1644913917  0.010914950[] 
 []


Overfull \hbox (69.75pt too wide) in paragraph at lines 2673--2673
[]\TU/lmtt/m/n/10 ## JADOT        -0.069747306  0.01101491 -0.04680005 -0.0019169799 -0.225853682[] 
 []


Overfull \hbox (69.75pt too wide) in paragraph at lines 2673--2673
[]\TU/lmtt/m/n/10 ## HIDALGO      -0.040984394 -0.01196939  0.24982650  0.0054539159  0.183340122[] 
 []


Overfull \hbox (69.75pt too wide) in paragraph at lines 2673--2673
[]\TU/lmtt/m/n/10 ## LASSALLE     -0.191952534 -0.29553028 -0.08181916  0.2339225539  0.025984130[] 
 []


Overfull \hbox (69.75pt too wide) in paragraph at lines 2673--2673
[]\TU/lmtt/m/n/10 ## MACRON       -0.043682377  0.04938810 -0.18414230 -0.1216818436  0.031798367[] 
 []


Overfull \hbox (69.75pt too wide) in paragraph at lines 2673--2673
[]\TU/lmtt/m/n/10 ## PECRESSE      0.017812438  0.11278338 -0.11425240 -0.0094676328  0.152069481[] 
 []


Overfull \hbox (69.75pt too wide) in paragraph at lines 2673--2673
[]\TU/lmtt/m/n/10 ## ZEMMOUR       0.158100636  0.20993077  0.27169444  0.1793777244 -0.079291052[] 
 []


Overfull \hbox (69.75pt too wide) in paragraph at lines 2673--2673
[]\TU/lmtt/m/n/10 ## DUPONTAIGNAN  0.082126654  0.22599626 -0.03151295  0.0577028315  0.017115750[] 
 []


Overfull \hbox (69.75pt too wide) in paragraph at lines 2673--2673
[]\TU/lmtt/m/n/10 ## MLEPEN       -0.004296971 -0.15138365  0.19561196 -0.2456237780 -0.040599884[] 
 []



[55]
File: bookdown-demo_files/figure-latex/unnamed-chunk-62-1.pdf Graphic file (type pdf)
<use bookdown-demo_files/figure-latex/unnamed-chunk-62-1.pdf>
File: bookdown-demo_files/figure-latex/unnamed-chunk-63-1.pdf Graphic file (type pdf)
<use bookdown-demo_files/figure-latex/unnamed-chunk-63-1.pdf>

Underfull \vbox (badness 10000) has occurred while \output is active []



[56]
File: bookdown-demo_files/figure-latex/unnamed-chunk-64-1.pdf Graphic file (type pdf)
<use bookdown-demo_files/figure-latex/unnamed-chunk-64-1.pdf>

Underfull \vbox (badness 10000) has occurred while \output is active []



[57]
File: bookdown-demo_files/figure-latex/unnamed-chunk-66-1.pdf Graphic file (type pdf)
<use bookdown-demo_files/figure-latex/unnamed-chunk-66-1.pdf>

Underfull \vbox (badness 10000) has occurred while \output is active []



[58]
File: bookdown-demo_files/figure-latex/unnamed-chunk-66-2.pdf Graphic file (type pdf)
<use bookdown-demo_files/figure-latex/unnamed-chunk-66-2.pdf>
File: bookdown-demo_files/figure-latex/unnamed-chunk-66-3.pdf Graphic file (type pdf)
<use bookdown-demo_files/figure-latex/unnamed-chunk-66-3.pdf>

Underfull \vbox (badness 10000) has occurred while \output is active []



[59]
File: bookdown-demo_files/figure-latex/unnamed-chunk-66-4.pdf Graphic file (type pdf)
<use bookdown-demo_files/figure-latex/unnamed-chunk-66-4.pdf>


[60]
File: bookdown-demo_files/figure-latex/unnamed-chunk-67-1.pdf Graphic file (type pdf)
<use bookdown-demo_files/figure-latex/unnamed-chunk-67-1.pdf>

Overfull \hbox (54.0pt too wide) in paragraph at lines 2836--2836
[]\TU/lmtt/m/n/10 ##                   Dim.1        Dim.2        Dim.3       Dim.4       Dim.5[] 
 []


Overfull \hbox (54.0pt too wide) in paragraph at lines 2836--2836
[]\TU/lmtt/m/n/10 ## ARTHAUD      11.9038406 1.231246e+00  0.183052896 19.83392132  9.58930308[] 
 []


Overfull \hbox (54.0pt too wide) in paragraph at lines 2836--2836
[]\TU/lmtt/m/n/10 ## POUTOU       10.2770061 7.451467e-04 11.017687192  1.00132471 10.65438844[] 
 []


Overfull \hbox (54.0pt too wide) in paragraph at lines 2836--2836
[]\TU/lmtt/m/n/10 ## ROUSSEL       9.2175433 5.126181e-01  5.648180142 70.59679126  4.22707266[] 
 []


Overfull \hbox (54.0pt too wide) in paragraph at lines 2836--2836
[]\TU/lmtt/m/n/10 ## MELENCHON    11.4639072 9.528856e+00  7.305250657  0.07249975  1.74743980[] 
 []


Overfull \hbox (54.0pt too wide) in paragraph at lines 2836--2836
[]\TU/lmtt/m/n/10 ## JADOT         4.2401420 9.339684e+00 27.736460944  0.27708309  0.06781672[] 
 []


Overfull \hbox (54.0pt too wide) in paragraph at lines 2836--2836
[]\TU/lmtt/m/n/10 ## HIDALGO       0.2176015 1.550210e+01 24.259841866  5.75125091  0.40760167[] 
 []


Overfull \hbox (54.0pt too wide) in paragraph at lines 2836--2836
[]\TU/lmtt/m/n/10 ## LASSALLE      0.1224650 1.915665e+01 12.764245064  0.17673574  3.73427942[] 
 []


Overfull \hbox (54.0pt too wide) in paragraph at lines 2836--2836
[]\TU/lmtt/m/n/10 ## MACRON       18.3188531 7.720568e-02  1.743810408  0.10195308  0.10505823[] 
 []


Overfull \hbox (54.0pt too wide) in paragraph at lines 2836--2836
[]\TU/lmtt/m/n/10 ## PECRESSE     16.2650617 3.390215e+00  0.006233513  0.33161753  3.77877609[] 
 []


Overfull \hbox (54.0pt too wide) in paragraph at lines 2836--2836
[]\TU/lmtt/m/n/10 ## ZEMMOUR      12.9781893 4.546192e+00  0.630488306  0.73142974  7.15362007[] 
 []


Overfull \hbox (54.0pt too wide) in paragraph at lines 2836--2836
[]\TU/lmtt/m/n/10 ## DUPONTAIGNAN  0.7816796 1.522150e+01  8.037025154  0.33684917 58.20260409[] 
 []


Overfull \hbox (54.0pt too wide) in paragraph at lines 2836--2836
[]\TU/lmtt/m/n/10 ## MLEPEN        4.2137107 2.149298e+01  0.667723858  0.78854370  0.33203971[] 
 []


Overfull \hbox (54.0pt too wide) in paragraph at lines 2836--2836
[]\TU/lmtt/m/n/10 ##                     Dim.6       Dim.7      Dim.8        Dim.9      Dim.10[] 
 []


Overfull \hbox (54.0pt too wide) in paragraph at lines 2836--2836
[]\TU/lmtt/m/n/10 ## ARTHAUD      17.567987257 38.26088046  1.1309610 1.056017e-02  0.05892929[] 
 []


Overfull \hbox (54.0pt too wide) in paragraph at lines 2836--2836
[]\TU/lmtt/m/n/10 ## POUTOU       59.780728472  0.15638066  6.6239329 2.541885e-04  0.20145614[] 
 []


Overfull \hbox (54.0pt too wide) in paragraph at lines 2836--2836
[]\TU/lmtt/m/n/10 ## ROUSSEL       4.124807104  4.06960429  0.3508970 3.770484e-01  0.66905864[] 
 []


Overfull \hbox (54.0pt too wide) in paragraph at lines 2836--2836
[]\TU/lmtt/m/n/10 ## MELENCHON     0.014316739  0.39703930  0.2583124 1.399810e+01  0.10020919[] 
 []



[61]
Overfull \hbox (54.0pt too wide) in paragraph at lines 2836--2836
[]\TU/lmtt/m/n/10 ## JADOT         1.163893177  0.03138149  0.8675954 1.901157e-03 42.90604037[] 
 []


Overfull \hbox (54.0pt too wide) in paragraph at lines 2836--2836
[]\TU/lmtt/m/n/10 ## HIDALGO       0.401878970  0.03705574 24.7230208 1.538862e-02 28.27347030[] 
 []


Overfull \hbox (54.0pt too wide) in paragraph at lines 2836--2836
[]\TU/lmtt/m/n/10 ## LASSALLE      8.815479728 22.58997116  2.6517620 2.830917e+01  0.56791122[] 
 []


Overfull \hbox (54.0pt too wide) in paragraph at lines 2836--2836
[]\TU/lmtt/m/n/10 ## MACRON        0.456531526  0.63089386 13.4317208 7.660100e+00  0.85049882[] 
 []


Overfull \hbox (54.0pt too wide) in paragraph at lines 2836--2836
[]\TU/lmtt/m/n/10 ## PECRESSE      0.075911050  3.29004564  5.1707694 4.637305e-02 19.45128139[] 
 []


Overfull \hbox (54.0pt too wide) in paragraph at lines 2836--2836
[]\TU/lmtt/m/n/10 ## ZEMMOUR       5.980334606 11.39892589 29.2405834 1.664638e+01  5.28825575[] 
 []


Overfull \hbox (54.0pt too wide) in paragraph at lines 2836--2836
[]\TU/lmtt/m/n/10 ## DUPONTAIGNAN  1.613713804 13.21034744  0.3933712 1.722571e+00  0.24640866[] 
 []


Overfull \hbox (54.0pt too wide) in paragraph at lines 2836--2836
[]\TU/lmtt/m/n/10 ## MLEPEN        0.004417566  5.92747407 15.1570737 3.121215e+01  1.38648022[] 
 []

File: bookdown-demo_files/figure-latex/unnamed-chunk-69-1.pdf Graphic file (type pdf)
<use bookdown-demo_files/figure-latex/unnamed-chunk-69-1.pdf>


[62]
File: bookdown-demo_files/figure-latex/unnamed-chunk-69-2.pdf Graphic file (type pdf)
<use bookdown-demo_files/figure-latex/unnamed-chunk-69-2.pdf>

Overfull \hbox (75.0pt too wide) in paragraph at lines 2881--2881
[]\TU/lmtt/m/n/10 ##           eigenvalue percentage of variance cumulative percentage of variance[] 
 []


Overfull \hbox (75.0pt too wide) in paragraph at lines 2881--2881
[]\TU/lmtt/m/n/10 ## comp 1  4.824670e+00           4.020558e+01                          40.20558[] 
 []


Overfull \hbox (75.0pt too wide) in paragraph at lines 2881--2881
[]\TU/lmtt/m/n/10 ## comp 2  3.047316e+00           2.539430e+01                          65.59988[] 
 []


Overfull \hbox (75.0pt too wide) in paragraph at lines 2881--2881
[]\TU/lmtt/m/n/10 ## comp 3  1.586296e+00           1.321913e+01                          78.81902[] 
 []


Overfull \hbox (75.0pt too wide) in paragraph at lines 2881--2881
[]\TU/lmtt/m/n/10 ## comp 4  5.558034e-01           4.631695e+00                          83.45071[] 
 []


Overfull \hbox (75.0pt too wide) in paragraph at lines 2881--2881
[]\TU/lmtt/m/n/10 ## comp 5  5.268516e-01           4.390430e+00                          87.84114[] 
 []


Overfull \hbox (75.0pt too wide) in paragraph at lines 2881--2881
[]\TU/lmtt/m/n/10 ## comp 6  4.179668e-01           3.483056e+00                          91.32420[] 
 []


Overfull \hbox (75.0pt too wide) in paragraph at lines 2881--2881
[]\TU/lmtt/m/n/10 ## comp 7  3.866235e-01           3.221863e+00                          94.54606[] 
 []


Overfull \hbox (75.0pt too wide) in paragraph at lines 2881--2881
[]\TU/lmtt/m/n/10 ## comp 8  2.524500e-01           2.103750e+00                          96.64981[] 
 []


Overfull \hbox (75.0pt too wide) in paragraph at lines 2881--2881
[]\TU/lmtt/m/n/10 ## comp 9  1.932934e-01           1.610779e+00                          98.26059[] 
 []


Overfull \hbox (75.0pt too wide) in paragraph at lines 2881--2881
[]\TU/lmtt/m/n/10 ## comp 10 1.188874e-01           9.907285e-01                          99.25132[] 
 []


Overfull \hbox (75.0pt too wide) in paragraph at lines 2881--2881
[]\TU/lmtt/m/n/10 ## comp 11 8.984151e-02           7.486793e-01                         100.00000[] 
 []


Overfull \hbox (75.0pt too wide) in paragraph at lines 2881--2881
[]\TU/lmtt/m/n/10 ## comp 12 1.045041e-15           8.708673e-15                         100.00000[] 
 []


Underfull \vbox (badness 1158) has occurred while \output is active []



[63]
File: bookdown-demo_files/figure-latex/unnamed-chunk-71-1.pdf Graphic file (type pdf)
<use bookdown-demo_files/figure-latex/unnamed-chunk-71-1.pdf>

Overfull \hbox (33.0pt too wide) in paragraph at lines 2921--2921
[]\TU/lmtt/m/n/10 ##      Dim.1      Dim.2       Dim.3        Dim.4       Dim.5      Dim.6[] 
 []


Overfull \hbox (33.0pt too wide) in paragraph at lines 2921--2921
[]\TU/lmtt/m/n/10 ## 1 3.067555 -1.7114152  0.08150264 -0.185735850 -0.41247012 -0.1498315[] 
 []


Overfull \hbox (33.0pt too wide) in paragraph at lines 2921--2921
[]\TU/lmtt/m/n/10 ## 2 2.511828 -2.7064534  0.70245008 -0.193923389 -0.70891924 -0.4567220[] 
 []


Overfull \hbox (33.0pt too wide) in paragraph at lines 2921--2921
[]\TU/lmtt/m/n/10 ## 3 2.031107 -3.0966114  1.07311078 -0.404287195 -0.18691460 -0.5270521[] 
 []


Overfull \hbox (33.0pt too wide) in paragraph at lines 2921--2921
[]\TU/lmtt/m/n/10 ## 4 2.201343 -2.4124210  1.18680228 -0.001301227 -0.20907736  0.2881203[] 
 []


Overfull \hbox (33.0pt too wide) in paragraph at lines 2921--2921
[]\TU/lmtt/m/n/10 ## 5 1.991101 -2.2577563  1.02941720 -0.014047196 -0.02204558 -0.1995434[] 
 []


Overfull \hbox (33.0pt too wide) in paragraph at lines 2921--2921
[]\TU/lmtt/m/n/10 ## 6 3.955340 -0.8826657 -0.20675170  0.106337247  0.01854102 -0.1812643[] 
 []


Overfull \hbox (59.25pt too wide) in paragraph at lines 2921--2921
[]\TU/lmtt/m/n/10 ##         Dim.7       Dim.8      Dim.9      Dim.10      Dim.11        Dim.12[] 
 []


Overfull \hbox (59.25pt too wide) in paragraph at lines 2921--2921
[]\TU/lmtt/m/n/10 ## 1 -0.31386218  0.51897558 -0.4392267  0.16799431 -0.45550607 -2.122990e-09[] 
 []


Overfull \hbox (59.25pt too wide) in paragraph at lines 2921--2921
[]\TU/lmtt/m/n/10 ## 2 -0.53505432  0.36256495 -0.6205415 -0.13143940 -0.64944655 -2.768542e-09[] 
 []


Overfull \hbox (59.25pt too wide) in paragraph at lines 2921--2921
[]\TU/lmtt/m/n/10 ## 3 -0.32566793  0.04083631 -0.7457277 -0.17322620 -0.51307636 -6.765777e-09[] 
 []


Overfull \hbox (59.25pt too wide) in paragraph at lines 2921--2921
[]\TU/lmtt/m/n/10 ## 4 -0.18494092  0.55795434 -0.3835738  0.18158093 -0.51829968 -1.631543e-09[] 
 []



[64]
Overfull \hbox (59.25pt too wide) in paragraph at lines 2921--2921
[]\TU/lmtt/m/n/10 ## 5 -0.07027549  0.24404548 -0.1594431  0.07828135 -0.03678451 -1.845831e-09[] 
 []


Overfull \hbox (59.25pt too wide) in paragraph at lines 2921--2921
[]\TU/lmtt/m/n/10 ## 6  0.07415939 -0.23014907 -0.3167121  0.16569411 -0.35174294 -2.268829e-09[] 
 []

File: bookdown-demo_files/figure-latex/unnamed-chunk-73-1.pdf Graphic file (type pdf)
<use bookdown-demo_files/figure-latex/unnamed-chunk-73-1.pdf>


[65]
File: bookdown-demo_files/figure-latex/unnamed-chunk-75-1.pdf Graphic file (type pdf)
<use bookdown-demo_files/figure-latex/unnamed-chunk-75-1.pdf>
File: bookdown-demo_files/figure-latex/unnamed-chunk-75-2.pdf Graphic file (type pdf)
<use bookdown-demo_files/figure-latex/unnamed-chunk-75-2.pdf>
File: bookdown-demo_files/figure-latex/unnamed-chunk-75-3.pdf Graphic file (type pdf)
<use bookdown-demo_files/figure-latex/unnamed-chunk-75-3.pdf>

Underfull \hbox (badness 10000) in paragraph at lines 2967--2968
[][]
 []


Underfull \hbox (badness 10000) in paragraph at lines 2967--2968
[]
 []


Underfull \vbox (badness 10000) has occurred while \output is active []



[66]
Underfull \vbox (badness 10000) has occurred while \output is active []



[67]
File: bookdown-demo_files/figure-latex/unnamed-chunk-78-1.pdf Graphic file (type pdf)
<use bookdown-demo_files/figure-latex/unnamed-chunk-78-1.pdf>

Underfull \vbox (badness 10000) has occurred while \output is active []



[68]

[69]
File: bookdown-demo_files/figure-latex/unnamed-chunk-83-1.pdf Graphic file (type pdf)
<use bookdown-demo_files/figure-latex/unnamed-chunk-83-1.pdf>

Overfull \hbox (59.25pt too wide) in paragraph at lines 3123--3123
[]\TU/lmtt/m/n/10 ## Warning in PCA(data[, 20:33], quanti.sup = 13:14, row.w = data$exprimes, :[] 
 []



[70]
Overfull \hbox (59.25pt too wide) in paragraph at lines 3123--3123
[]\TU/lmtt/m/n/10 ## Missing values are imputed by the mean of the variable: you should use the[] 
 []

File: bookdown-demo_files/figure-latex/unnamed-chunk-85-1.pdf Graphic file (type pdf)
<use bookdown-demo_files/figure-latex/unnamed-chunk-85-1.pdf>
File: bookdown-demo_files/figure-latex/unnamed-chunk-85-2.pdf Graphic file (type pdf)
<use bookdown-demo_files/figure-latex/unnamed-chunk-85-2.pdf>

Underfull \vbox (badness 10000) has occurred while \output is active []



[71]
Overfull \hbox (33.55002pt too wide) in paragraph at lines 3163--3164
\TU/lmr/m/n/10 varimax-rotated-principal-components-in-r https://dimension.usherbrooke.ca/pages/87[] 
 []


Overfull \hbox (19.19pt too wide) in paragraph at lines 3165--3166
[][]$[][][][][] [] [] [] [][][][][] [] [][][][][][] [] [][][] [] [][][][] [] [][][][][][][][][][][] [] [] [][][][] [][][][] [] [][][][][][][] [][] [][][][][][][][] [][] [][][][][][][][][][][][][][][] [][]
 []


Underfull \hbox (badness 10000) in paragraph at lines 3165--3166
[][][][][][][] [][] [][] [][] [][][][] [] [][] [] [][][][] [] [][][][][][][] [][] [][] [][] [][][][][][][][][][][] [][] [][][][][][][][][][][] [] [][] [][] [][][][][][][][] [][]
 []


Underfull \vbox (badness 10000) has occurred while \output is active []



[72]

[73]

[74

]
Chapter 3.


[75]

[76]
Overfull \hbox (90.75pt too wide) in paragraph at lines 3300--3300
[]\TU/lmtt/m/n/10 ## -- Column specification --------------------------------------------------------[] 
 []


Overfull \hbox (85.5pt too wide) in paragraph at lines 3300--3300
[]\TU/lmtt/m/n/10 ## dbl (11): NB_LOG, NB_LOGLOUE_TOT, NB_LOCDOM, prop_occup, prop_LOCDOM, prop_L...[] 
 []


Overfull \hbox (43.5pt too wide) in paragraph at lines 3300--3300
[]\TU/lmtt/m/n/10 ## i Use []spec()[] to retrieve the full column specification for this data.[] 
 []


Overfull \hbox (96.0pt too wide) in paragraph at lines 3300--3300
[]\TU/lmtt/m/n/10 ## i Specify the column types or set []show_col_types = FALSE[] to quiet this message.[] 
 []

File: bookdown-demo_files/figure-latex/unnamed-chunk-90-1.pdf Graphic file (type pdf)
<use bookdown-demo_files/figure-latex/unnamed-chunk-90-1.pdf>
File: bookdown-demo_files/figure-latex/unnamed-chunk-90-2.pdf Graphic file (type pdf)
<use bookdown-demo_files/figure-latex/unnamed-chunk-90-2.pdf>

Underfull \hbox (badness 10000) in paragraph at lines 3313--3314
[][]
 []


Underfull \vbox (badness 10000) has occurred while \output is active []



[77]

[78]
File: bookdown-demo_files/figure-latex/unnamed-chunk-95-1.pdf Graphic file (type pdf)
<use bookdown-demo_files/figure-latex/unnamed-chunk-95-1.pdf>
File: bookdown-demo_files/figure-latex/unnamed-chunk-96-1.pdf Graphic file (type pdf)
<use bookdown-demo_files/figure-latex/unnamed-chunk-96-1.pdf>

Underfull \vbox (badness 10000) has occurred while \output is active []



[79]
File: bookdown-demo_files/figure-latex/unnamed-chunk-97-1.pdf Graphic file (type pdf)
<use bookdown-demo_files/figure-latex/unnamed-chunk-97-1.pdf>

Underfull \vbox (badness 10000) has occurred while \output is active []



[80]

[81]
File: bookdown-demo_files/figure-latex/unnamed-chunk-101-1.pdf Graphic file (type pdf)
<use bookdown-demo_files/figure-latex/unnamed-chunk-101-1.pdf>

Overfull \hbox (159.0pt too wide) in paragraph at lines 3476--3476
[]\TU/lmtt/m/n/10 ##   []C:\Users\hugop\Nextcloud\git\book\data\sh_statbel_statistical_sectors_31370_20230101.gpkg[][] 
 []


Overfull \hbox (59.25pt too wide) in paragraph at lines 3476--3476
[]\TU/lmtt/m/n/10 ## Bounding box:  xmin: 21991.63 ymin: 21162.16 xmax: 295167.1 ymax: 244027.2[] 
 []



[82]
File: bookdown-demo_files/figure-latex/unnamed-chunk-105-1.pdf Graphic file (type pdf)
<use bookdown-demo_files/figure-latex/unnamed-chunk-105-1.pdf>


[83]

[84]
Overfull \hbox (322.57007pt too wide) in paragraph at lines 3593--3610
[][] 
 []

File: bookdown-demo_files/figure-latex/unnamed-chunk-108-1.pdf Graphic file (type pdf)
<use bookdown-demo_files/figure-latex/unnamed-chunk-108-1.pdf>

Overfull \hbox (90.75pt too wide) in paragraph at lines 3643--3643
[]\TU/lmtt/m/n/10 ## -- Column specification --------------------------------------------------------[] 
 []



[85]
Overfull \hbox (43.5pt too wide) in paragraph at lines 3643--3643
[]\TU/lmtt/m/n/10 ## i Use []spec()[] to retrieve the full column specification for this data.[] 
 []


Overfull \hbox (96.0pt too wide) in paragraph at lines 3643--3643
[]\TU/lmtt/m/n/10 ## i Specify the column types or set []show_col_types = FALSE[] to quiet this message.[] 
 []

File: bookdown-demo_files/figure-latex/unnamed-chunk-110-1.pdf Graphic file (type pdf)
<use bookdown-demo_files/figure-latex/unnamed-chunk-110-1.pdf>


[86]
File: bookdown-demo_files/figure-latex/unnamed-chunk-112-1.pdf Graphic file (type pdf)
<use bookdown-demo_files/figure-latex/unnamed-chunk-112-1.pdf>

Underfull \hbox (badness 10000) in paragraph at lines 3695--3697
[][]$[][][][][] [] [] [] [][][][][][][][][][] [] [][][][][][] [] [][] [] [][][][][][][] [][] [] [] [][][][][][][][][][][][][][] [][] [][][][][][][][][][] [][]
 []


Underfull \hbox (badness 10000) in paragraph at lines 3697--3699
[][]$[][][][] [] [] [] [][][][][][][][][][] [] [][][][] [] [][] [] [][][][][][][][][][][][] [] [][][][][][][][][][][][][][] [][] [][][][][][][][][][][][] [][] [][][] [][]
 []


Underfull \hbox (badness 10000) in paragraph at lines 3699--3700
[][]$[][][][] [] [] [] [][][] [] [][][][][] [] [][][] [] [][][][][][][] [] [][][][][][][][] [] [][] [][] [][][][][][][][][] [][] [][][][][][][][][] [][]
 []


Underfull \hbox (badness 10000) in paragraph at lines 3699--3700
[][][][][][][] [][] [][] [][] [] [][] [][][][][][][][][] [][] [][][][][] [] [][][] [][] [][][][] [][] [][][][][][][][][][][][] [][] [][][][][][][][][][] [][] [][] [][]
 []



[87]
No file bookdown-demo.bbl.


[88] (./bookdown-demo.aux)
 ***********
LaTeX2e <2024-06-01> patch level 2
L3 programming layer <2024-09-10>
 ***********
 ) 
Here is how much of TeX's memory you used:
 26624 strings out of 476173
 548898 string characters out of 5783391
 1120750 words of memory out of 5000000
 48763 multiletter control sequences out of 15000+600000
 564642 words of font info for 92 fonts, out of 8000000 for 9000
 36 hyphenation exceptions out of 8191
 90i,13n,123p,1010b,1074s stack positions out of 10000i,1000n,20000p,200000b,200000s

Output written on bookdown-demo.pdf (88 pages).
